#
# There is insufficient memory for the Java Runtime Environment to continue.
# Native memory allocation (mmap) failed to map 65536 bytes for committing reserved memory.
# Possible reasons:
#   The system is out of physical RAM or swap space
#   The process is running with CompressedOops enabled, and the Java Heap may be blocking the growth of the native heap
# Possible solutions:
#   Reduce memory load on the system
#   Increase physical memory or swap space
#   Check if swap backing store is full
#   Decrease Java heap size (-Xmx/-Xms)
#   Decrease number of Java threads
#   Decrease Java thread stack sizes (-Xss)
#   Set larger code cache with -XX:ReservedCodeCacheSize=
#   JVM is running with Unscaled Compressed Oops mode in which the Java heap is
#     placed in the first 4GB address space. The Java Heap base address is the
#     maximum limit for the native heap growth. Please use -XX:HeapBaseMinAddress
#     to set the Java Heap base and to place the Java Heap above 4GB virtual address.
# This output file may be truncated or incomplete.
#
#  Out of Memory Error (os_linux.cpp:2792), pid=28063, tid=0x00007fb12b821700
#
# JRE version: OpenJDK Runtime Environment (8.0_275-b01) (build 1.8.0_275-8u275-b01-0ubuntu1~16.04-b01)
# Java VM: OpenJDK 64-Bit Server VM (25.275-b01 mixed mode linux-amd64 compressed oops)
# Failed to write core dump. Core dumps have been disabled. To enable core dumping, try "ulimit -c unlimited" before starting Java again
#

---------------  T H R E A D  ---------------

Current thread (0x00007fb1400be000):  JavaThread "C2 CompilerThread0" daemon [_thread_in_vm, id=28084, stack(0x00007fb12b721000,0x00007fb12b822000)]

Stack: [0x00007fb12b721000,0x00007fb12b822000],  sp=0x00007fb12b81d5d0,  free space=1009k
Native frames: (J=compiled Java code, j=interpreted, Vv=VM code, C=native code)
V  [libjvm.so+0xb1de0b]
V  [libjvm.so+0x4e019c]
V  [libjvm.so+0x95b578]
V  [libjvm.so+0x952a2e]
V  [libjvm.so+0xb1a524]
V  [libjvm.so+0x6144fd]
V  [libjvm.so+0x45e1e6]
V  [libjvm.so+0x455c59]
V  [libjvm.so+0x45a851]
V  [libjvm.so+0x96fa7b]
V  [libjvm.so+0x977149]
V  [libjvm.so+0x47ea7c]
V  [libjvm.so+0x4815f3]
V  [libjvm.so+0x3cce11]
V  [libjvm.so+0x48cc04]
V  [libjvm.so+0x48f077]
V  [libjvm.so+0xac1fa7]
V  [libjvm.so+0xac2310]
V  [libjvm.so+0x958742]
C  [libpthread.so.0+0x76ba]  start_thread+0xca


Current CompileTask:
C2: 191028 4441       4       io.netty.buffer.AbstractByteBuf::<init> (46 bytes)


---------------  P R O C E S S  ---------------

Java Threads: ( => current thread )
  0x00007fb14021a000 JavaThread "shuffle-client-4-2" daemon [_thread_in_native, id=28690, stack(0x00007fb0e93de000,0x00007fb0e94df000)]
  0x00007fb118012800 JavaThread "block-manager-ask-thread-pool-8" daemon [_thread_blocked, id=28679, stack(0x00007fb0e94df000,0x00007fb0e95e0000)]
  0x00007fb11c004800 JavaThread "block-manager-ask-thread-pool-7" daemon [_thread_blocked, id=28678, stack(0x00007fb0e95e0000,0x00007fb0e96e1000)]
  0x00007fb11005a800 JavaThread "block-manager-ask-thread-pool-6" daemon [_thread_blocked, id=28677, stack(0x00007fb0e96e1000,0x00007fb0e97e2000)]
  0x00007fb114221000 JavaThread "block-manager-ask-thread-pool-5" daemon [_thread_blocked, id=28676, stack(0x00007fb0e97e2000,0x00007fb0e98e3000)]
  0x00007fb1086ab000 JavaThread "block-manager-ask-thread-pool-4" daemon [_thread_blocked, id=28675, stack(0x00007fb0e98e3000,0x00007fb0e99e4000)]
  0x00007fb0f8023800 JavaThread "block-manager-ask-thread-pool-3" daemon [_thread_blocked, id=28674, stack(0x00007fb0e99e4000,0x00007fb0e9ae5000)]
  0x00007fb0f800c800 JavaThread "block-manager-ask-thread-pool-2" daemon [_thread_blocked, id=28670, stack(0x00007fb0e9ae5000,0x00007fb0e9be6000)]
  0x00007fb104005800 JavaThread "block-manager-ask-thread-pool-1" daemon [_thread_blocked, id=28668, stack(0x00007fb0e9be6000,0x00007fb0e9ce7000)]
  0x00007fb0fc095000 JavaThread "block-manager-slave-async-thread-pool-2" daemon [_thread_blocked, id=28666, stack(0x00007fb0e9ce7000,0x00007fb0e9de8000)]
  0x00007fb0fc093800 JavaThread "block-manager-slave-async-thread-pool-1" daemon [_thread_blocked, id=28665, stack(0x00007fb0e7ae3000,0x00007fb0e7be4000)]
  0x00007fb0f002a800 JavaThread "block-manager-slave-async-thread-pool-0" daemon [_thread_blocked, id=28663, stack(0x00007fb0e7be4000,0x00007fb0e7ce5000)]
  0x00007fb0fc08c000 JavaThread "block-manager-ask-thread-pool-0" daemon [_thread_blocked, id=28662, stack(0x00007fb0e7ce5000,0x00007fb0e7de6000)]
  0x00007fb120011800 JavaThread "shuffle-client-4-1" daemon [_thread_in_native, id=28654, stack(0x00007fb0eade9000,0x00007fb0eaeea000)]
  0x00007fb0fc07f800 JavaThread "task-result-getter-3" daemon [_thread_blocked, id=28346, stack(0x00007fb0ed3ed000,0x00007fb0ed4ee000)]
  0x00007fb0fc07e000 JavaThread "task-result-getter-2" daemon [_thread_in_vm, id=28341, stack(0x00007fb0f69ee000,0x00007fb0f6aef000)]
  0x00007fb0fc08e000 JavaThread "task-result-getter-1" daemon [_thread_blocked, id=28281, stack(0x00007fb0ed4ee000,0x00007fb0ed5ef000)]
  0x00007fb0fc07c800 JavaThread "task-result-getter-0" daemon [_thread_blocked, id=28280, stack(0x00007fb0f6bf0000,0x00007fb0f6cf1000)]
  0x00007fb1404f2800 JavaThread "shuffle-server-5-2" daemon [_thread_in_native, id=28190, stack(0x00007fb0ed0ec000,0x00007fb0ed1ed000)]
  0x00007fb108161000 JavaThread "threadDeathWatcher-6-1" daemon [_thread_blocked, id=28169, stack(0x00007fb0efbf1000,0x00007fb0efcf2000)]
  0x00007fb0f8004800 JavaThread "rpc-server-3-2" daemon [_thread_in_native, id=28168, stack(0x00007fb0efcf2000,0x00007fb0efdf3000)]
  0x0000557581f5e800 JavaThread "org.apache.hadoop.fs.FileSystem$Statistics$StatisticsDataReferenceCleaner" daemon [_thread_blocked, id=28164, stack(0x00007fb0f42e4000,0x00007fb0f43e5000)]
  0x0000557582270800 JavaThread "spark-listener-group-streams" daemon [_thread_blocked, id=28158, stack(0x00007fb0f47e5000,0x00007fb0f48e6000)]
  0x00007fb0fc04f800 JavaThread "element-tracking-store-worker" daemon [_thread_blocked, id=28153, stack(0x00007fb0f4ee6000,0x00007fb0f4fe7000)]
  0x0000557581cef800 JavaThread "spark-listener-group-executorManagement" daemon [_thread_blocked, id=28152, stack(0x00007fb0f4fe7000,0x00007fb0f50e8000)]
  0x0000557581ced800 JavaThread "spark-listener-group-appStatus" daemon [_thread_blocked, id=28151, stack(0x00007fb0f50e8000,0x00007fb0f51e9000)]
  0x0000557581ccc000 JavaThread "context-cleaner-periodic-gc" daemon [_thread_blocked, id=28150, stack(0x00007fb0f51e9000,0x00007fb0f52ea000)]
  0x0000557581cca000 JavaThread "Spark Context Cleaner" daemon [_thread_blocked, id=28149, stack(0x00007fb0f52ea000,0x00007fb0f53eb000)]
  0x0000557581b08000 JavaThread "shuffle-server-5-1" daemon [_thread_in_native, id=28134, stack(0x00007fb0f55eb000,0x00007fb0f56ec000)]
  0x00007fb124024000 JavaThread "rpc-client-1-1" daemon [_thread_in_native, id=28132, stack(0x00007fb0f68ed000,0x00007fb0f69ee000)]
  0x00007fb0f001d800 JavaThread "appclient-registration-retry-thread" daemon [_thread_blocked, id=28130, stack(0x00007fb0f6aef000,0x00007fb0f6bf0000)]
  0x00007fb0f0019800 JavaThread "driver-revive-thread" daemon [_thread_blocked, id=28128, stack(0x00007fb0f6cf1000,0x00007fb0f6df2000)]
  0x0000557581aea800 JavaThread "dag-scheduler-event-loop" daemon [_thread_blocked, id=28127, stack(0x00007fb0f6df2000,0x00007fb0f6ef3000)]
  0x0000557581ab2800 JavaThread "Timer-1" daemon [_thread_blocked, id=28126, stack(0x00007fb0f6ef3000,0x00007fb0f6ff4000)]
  0x0000557581ab0800 JavaThread "Timer-0" daemon [_thread_blocked, id=28125, stack(0x00007fb0f6ff4000,0x00007fb0f70f5000)]
  0x00007fb10000e000 JavaThread "netty-rpc-env-timeout" daemon [_thread_blocked, id=28124, stack(0x00007fb0f70f5000,0x00007fb0f71f6000)]
  0x00007fb0fc012000 JavaThread "heartbeat-receiver-event-loop-thread" daemon [_thread_blocked, id=28123, stack(0x00007fb0f71f6000,0x00007fb0f72f7000)]
  0x0000557581a6a000 JavaThread "SparkUI-37" daemon [_thread_blocked, id=28122, stack(0x00007fb0f74f7000,0x00007fb0f75f8000)]
  0x0000557581a68800 JavaThread "SparkUI-36" daemon [_thread_blocked, id=28121, stack(0x00007fb0f75f8000,0x00007fb0f76f9000)]
  0x0000557581a66800 JavaThread "SparkUI-35" daemon [_thread_blocked, id=28120, stack(0x00007fb0f76f9000,0x00007fb0f77fa000)]
  0x0000557581a64800 JavaThread "SparkUI-34" daemon [_thread_blocked, id=28119, stack(0x00007fb0f77fa000,0x00007fb0f78fb000)]
  0x0000557581a63000 JavaThread "SparkUI-33" daemon [_thread_blocked, id=28118, stack(0x00007fb0f78fb000,0x00007fb0f79fc000)]
  0x0000557581a61000 JavaThread "SparkUI-32" daemon [_thread_blocked, id=28117, stack(0x00007fb0f79fc000,0x00007fb0f7afd000)]
  0x0000557581a5f800 JavaThread "SparkUI-31-acceptor-0@140f6f1e-ServerConnector@1ac893ef{HTTP/1.1,[http/1.1]}{0.0.0.0:4040}" daemon [_thread_in_native, id=28116, stack(0x00007fb0f7afd000,0x00007fb0f7bfe000)]
  0x0000557581a5e800 JavaThread "SparkUI-30" daemon [_thread_in_native, id=28115, stack(0x00007fb0f7bfe000,0x00007fb0f7cff000)]
  0x0000557581985800 JavaThread "RemoteBlock-temp-file-clean-thread" daemon [_thread_blocked, id=28114, stack(0x00007fb0f7eff000,0x00007fb0f8000000)]
  0x0000557581943800 JavaThread "map-output-dispatcher-7" daemon [_thread_blocked, id=28113, stack(0x00007fb1280eb000,0x00007fb1281ec000)]
  0x0000557581941800 JavaThread "map-output-dispatcher-6" daemon [_thread_blocked, id=28112, stack(0x00007fb1281ec000,0x00007fb1282ed000)]
  0x000055758193f800 JavaThread "map-output-dispatcher-5" daemon [_thread_blocked, id=28111, stack(0x00007fb1282ed000,0x00007fb1283ee000)]
  0x000055758193e000 JavaThread "map-output-dispatcher-4" daemon [_thread_blocked, id=28110, stack(0x00007fb1283ee000,0x00007fb1284ef000)]
  0x000055758193c800 JavaThread "map-output-dispatcher-3" daemon [_thread_blocked, id=28109, stack(0x00007fb1284ef000,0x00007fb1285f0000)]
  0x0000557581936800 JavaThread "map-output-dispatcher-2" daemon [_thread_blocked, id=28108, stack(0x00007fb1285f0000,0x00007fb1286f1000)]
  0x0000557581936000 JavaThread "map-output-dispatcher-1" daemon [_thread_blocked, id=28107, stack(0x00007fb1286f1000,0x00007fb1287f2000)]
  0x0000557581933800 JavaThread "map-output-dispatcher-0" daemon [_thread_blocked, id=28106, stack(0x00007fb1287f2000,0x00007fb1288f3000)]
  0x0000557581904800 JavaThread "rpc-server-3-1" daemon [_thread_in_native, id=28105, stack(0x00007fb1288f3000,0x00007fb1289f4000)]
  0x00005575817db000 JavaThread "dispatcher-event-loop-1" daemon [_thread_blocked, id=28101, stack(0x00007fb128bf4000,0x00007fb128cf5000)]
  0x00005575817da000 JavaThread "dispatcher-event-loop-0" daemon [_thread_blocked, id=28100, stack(0x00007fb128cf5000,0x00007fb128df6000)]
  0x00007fb0f0006800 JavaThread "Thread-5" daemon [_thread_blocked, id=28099, stack(0x00007fb128ff6000,0x00007fb1290f7000)]
  0x00007fb141282000 JavaThread "redirect output" daemon [_thread_in_native, id=28098, stack(0x00007fb1291f8000,0x00007fb1292f9000)]
  0x00007fb0fc008000 JavaThread "Thread-4" daemon [_thread_in_native, id=28096, stack(0x00007fb1290f7000,0x00007fb1291f8000)]
  0x00007fb141276800 JavaThread "pool-1-thread-1" [_thread_blocked, id=28094, stack(0x00007fb1296fb000,0x00007fb1297fc000)]
  0x00007fb1411e6000 JavaThread "process reaper" daemon [_thread_in_native, id=28092, stack(0x00007fb12a142000,0x00007fb12a17b000)]
  0x00007fb1400c3800 JavaThread "Service Thread" daemon [_thread_blocked, id=28086, stack(0x00007fb12b51f000,0x00007fb12b620000)]
  0x00007fb1400c1000 JavaThread "C1 CompilerThread1" daemon [_thread_blocked, id=28085, stack(0x00007fb12b620000,0x00007fb12b721000)]
=>0x00007fb1400be000 JavaThread "C2 CompilerThread0" daemon [_thread_in_vm, id=28084, stack(0x00007fb12b721000,0x00007fb12b822000)]
  0x00007fb1400bb000 JavaThread "Signal Dispatcher" daemon [_thread_blocked, id=28083, stack(0x00007fb12b822000,0x00007fb12b923000)]
  0x00007fb14008a000 JavaThread "Finalizer" daemon [_thread_blocked, id=28082, stack(0x00007fb12bbfc000,0x00007fb12bcfd000)]
  0x00007fb140085800 JavaThread "Reference Handler" daemon [_thread_blocked, id=28081, stack(0x00007fb12bcfd000,0x00007fb12bdfe000)]
  0x00007fb140012000 JavaThread "main" [_thread_blocked, id=28077, stack(0x00007fb1492dc000,0x00007fb1493dd000)]

Other Threads:
  0x00007fb14007c000 VMThread [stack: 0x00007fb12bdfe000,0x00007fb12beff000] [id=28080]
  0x00007fb1400c6800 WatcherThread [stack: 0x00007fb12b41e000,0x00007fb12b51f000] [id=28087]

VM state:not at safepoint (normal execution)

VM Mutex/Monitor currently owned by a thread:  ([mutex/lock_event])
[0x00007fb14000d9b0] CodeCache_lock - owner thread: 0x00007fb1400be000

heap address: 0x00000000e0000000, size: 512 MB, Compressed Oops mode: 32-bit
Narrow klass base: 0x0000000000000000, Narrow klass shift: 3
Compressed class space size: 1073741824 Address: 0x0000000100000000

Heap:
 PSYoungGen      total 116736K, used 54474K [0x00000000f5580000, 0x0000000100000000, 0x0000000100000000)
  eden space 58880K, 92% used [0x00000000f5580000,0x00000000f8ab29b8,0x00000000f8f00000)
  from space 57856K, 0% used [0x00000000f8f00000,0x00000000f8f00000,0x00000000fc780000)
  to   space 57856K, 0% used [0x00000000fc780000,0x00000000fc780000,0x0000000100000000)
 ParOldGen       total 349696K, used 253753K [0x00000000e0000000, 0x00000000f5580000, 0x00000000f5580000)
  object space 349696K, 72% used [0x00000000e0000000,0x00000000ef7ce6e8,0x00000000f5580000)
 Metaspace       used 57383K, capacity 58040K, committed 58288K, reserved 1099776K
  class space    used 8179K, capacity 8325K, committed 8368K, reserved 1048576K

Card table byte_map: [0x00007fb1457ad000,0x00007fb1458ae000] byte_map_base: 0x00007fb1450ad000

Marking Bits: (ParMarkBitMap*) 0x00007fb148596860
 Begin Bits: [0x00007fb1445ab000, 0x00007fb144dab000)
 End Bits:   [0x00007fb144dab000, 0x00007fb1455ab000)

Polling page: 0x00007fb1493e9000

CodeCache: size=245760Kb used=10421Kb max_used=10421Kb free=235338Kb
 bounds [0x00007fb131000000, 0x00007fb131a40000, 0x00007fb140000000]
 total_blobs=4541 nmethods=3924 adapters=527
 compilation: enabled

Compilation events (10 events):
Event: 190.636 Thread 0x00007fb1400c1000 nmethod 4436 0x00007fb131a2e990 code [0x00007fb131a2eb00, 0x00007fb131a2ec90]
Event: 190.636 Thread 0x00007fb1400c1000 4437       3       io.netty.util.internal.PlatformDependent0::getLong (9 bytes)
Event: 190.636 Thread 0x00007fb1400c1000 nmethod 4437 0x00007fb131a2e690 code [0x00007fb131a2e7e0, 0x00007fb131a2e910]
Event: 190.952 Thread 0x00007fb1400c1000 4438   !   3       org.apache.spark.scheduler.TaskSchedulerImpl::org$apache$spark$scheduler$TaskSchedulerImpl$$resourceOfferSingleTaskSet (85 bytes)
Event: 190.959 Thread 0x00007fb1400c1000 nmethod 4438 0x00007fb131a2f710 code [0x00007fb131a2f920, 0x00007fb131a30468]
Event: 190.959 Thread 0x00007fb1400c1000 4439       3       org.apache.spark.scheduler.TaskSchedulerImpl$$anonfun$org$apache$spark$scheduler$TaskSchedulerImpl$$resourceOfferSingleTaskSet$1::<init> (62 bytes)
Event: 190.960 Thread 0x00007fb1400c1000 nmethod 4439 0x00007fb131a3c850 code [0x00007fb131a3c9e0, 0x00007fb131a3ce10]
Event: 190.987 Thread 0x00007fb1400c1000 4440   !   3       io.netty.buffer.PoolChunk::allocateSubpage (135 bytes)
Event: 190.988 Thread 0x00007fb1400c1000 nmethod 4440 0x00007fb131a3d050 code [0x00007fb131a3d260, 0x00007fb131a3dd68]
Event: 190.991 Thread 0x00007fb1400be000 4441       4       io.netty.buffer.AbstractByteBuf::<init> (46 bytes)

GC Heap History (10 events):
Event: 189.592 GC heap before
{Heap before GC invocations=22 (full 6):
 PSYoungGen      total 116736K, used 56605K [0x00000000f5580000, 0x0000000100000000, 0x0000000100000000)
  eden space 58880K, 0% used [0x00000000f5580000,0x00000000f5580000,0x00000000f8f00000)
  from space 57856K, 97% used [0x00000000fc780000,0x00000000ffec75e8,0x0000000100000000)
  to   space 57856K, 0% used [0x00000000f8f00000,0x00000000f8f00000,0x00000000fc780000)
 ParOldGen       total 328192K, used 294003K [0x00000000e0000000, 0x00000000f4080000, 0x00000000f5580000)
  object space 328192K, 89% used [0x00000000e0000000,0x00000000f1f1ce98,0x00000000f4080000)
 Metaspace       used 57364K, capacity 58040K, committed 58288K, reserved 1099776K
  class space    used 8179K, capacity 8325K, committed 8368K, reserved 1048576K
Event: 189.785 GC heap after
Heap after GC invocations=22 (full 6):
 PSYoungGen      total 116736K, used 0K [0x00000000f5580000, 0x0000000100000000, 0x0000000100000000)
  eden space 58880K, 0% used [0x00000000f5580000,0x00000000f5580000,0x00000000f8f00000)
  from space 57856K, 0% used [0x00000000fc780000,0x00000000fc780000,0x0000000100000000)
  to   space 57856K, 0% used [0x00000000f8f00000,0x00000000f8f00000,0x00000000fc780000)
 ParOldGen       total 349696K, used 226440K [0x00000000e0000000, 0x00000000f5580000, 0x00000000f5580000)
  object space 349696K, 64% used [0x00000000e0000000,0x00000000edd220b0,0x00000000f5580000)
 Metaspace       used 57364K, capacity 58040K, committed 58288K, reserved 1099776K
  class space    used 8179K, capacity 8325K, committed 8368K, reserved 1048576K
}
Event: 189.908 GC heap before
{Heap before GC invocations=23 (full 6):
 PSYoungGen      total 116736K, used 30878K [0x00000000f5580000, 0x0000000100000000, 0x0000000100000000)
  eden space 58880K, 52% used [0x00000000f5580000,0x00000000f73a7858,0x00000000f8f00000)
  from space 57856K, 0% used [0x00000000fc780000,0x00000000fc780000,0x0000000100000000)
  to   space 57856K, 0% used [0x00000000f8f00000,0x00000000f8f00000,0x00000000fc780000)
 ParOldGen       total 349696K, used 226440K [0x00000000e0000000, 0x00000000f5580000, 0x00000000f5580000)
  object space 349696K, 64% used [0x00000000e0000000,0x00000000edd220b0,0x00000000f5580000)
 Metaspace       used 57366K, capacity 58040K, committed 58288K, reserved 1099776K
  class space    used 8179K, capacity 8325K, committed 8368K, reserved 1048576K
Event: 189.922 GC heap after
Heap after GC invocations=23 (full 6):
 PSYoungGen      total 116736K, used 29438K [0x00000000f5580000, 0x0000000100000000, 0x0000000100000000)
  eden space 58880K, 0% used [0x00000000f5580000,0x00000000f5580000,0x00000000f8f00000)
  from space 57856K, 50% used [0x00000000f8f00000,0x00000000fabbf920,0x00000000fc780000)
  to   space 57856K, 0% used [0x00000000fc780000,0x00000000fc780000,0x0000000100000000)
 ParOldGen       total 349696K, used 226440K [0x00000000e0000000, 0x00000000f5580000, 0x00000000f5580000)
  object space 349696K, 64% used [0x00000000e0000000,0x00000000edd220b0,0x00000000f5580000)
 Metaspace       used 57366K, capacity 58040K, committed 58288K, reserved 1099776K
  class space    used 8179K, capacity 8325K, committed 8368K, reserved 1048576K
}
Event: 190.218 GC heap before
{Heap before GC invocations=24 (full 6):
 PSYoungGen      total 116736K, used 88318K [0x00000000f5580000, 0x0000000100000000, 0x0000000100000000)
  eden space 58880K, 100% used [0x00000000f5580000,0x00000000f8f00000,0x00000000f8f00000)
  from space 57856K, 50% used [0x00000000f8f00000,0x00000000fabbf920,0x00000000fc780000)
  to   space 57856K, 0% used [0x00000000fc780000,0x00000000fc780000,0x0000000100000000)
 ParOldGen       total 349696K, used 226440K [0x00000000e0000000, 0x00000000f5580000, 0x00000000f5580000)
  object space 349696K, 64% used [0x00000000e0000000,0x00000000edd220b0,0x00000000f5580000)
 Metaspace       used 57371K, capacity 58040K, committed 58288K, reserved 1099776K
  class space    used 8179K, capacity 8325K, committed 8368K, reserved 1048576K
Event: 190.245 GC heap after
Heap after GC invocations=24 (full 6):
 PSYoungGen      total 116736K, used 29429K [0x00000000f5580000, 0x0000000100000000, 0x0000000100000000)
  eden space 58880K, 0% used [0x00000000f5580000,0x00000000f5580000,0x00000000f8f00000)
  from space 57856K, 50% used [0x00000000fc780000,0x00000000fe43d528,0x0000000100000000)
  to   space 57856K, 0% used [0x00000000f8f00000,0x00000000f8f00000,0x00000000fc780000)
 ParOldGen       total 349696K, used 255838K [0x00000000e0000000, 0x00000000f5580000, 0x00000000f5580000)
  object space 349696K, 73% used [0x00000000e0000000,0x00000000ef9d79d0,0x00000000f5580000)
 Metaspace       used 57371K, capacity 58040K, committed 58288K, reserved 1099776K
  class space    used 8179K, capacity 8325K, committed 8368K, reserved 1048576K
}
Event: 190.637 GC heap before
{Heap before GC invocations=25 (full 6):
 PSYoungGen      total 116736K, used 85418K [0x00000000f5580000, 0x0000000100000000, 0x0000000100000000)
  eden space 58880K, 95% used [0x00000000f5580000,0x00000000f8c2d3c8,0x00000000f8f00000)
  from space 57856K, 50% used [0x00000000fc780000,0x00000000fe43d528,0x0000000100000000)
  to   space 57856K, 0% used [0x00000000f8f00000,0x00000000f8f00000,0x00000000fc780000)
 ParOldGen       total 349696K, used 255838K [0x00000000e0000000, 0x00000000f5580000, 0x00000000f5580000)
  object space 349696K, 73% used [0x00000000e0000000,0x00000000ef9d79d0,0x00000000f5580000)
 Metaspace       used 57382K, capacity 58040K, committed 58288K, reserved 1099776K
  class space    used 8179K, capacity 8325K, committed 8368K, reserved 1048576K
Event: 190.665 GC heap after
Heap after GC invocations=25 (full 6):
 PSYoungGen      total 116736K, used 27449K [0x00000000f5580000, 0x0000000100000000, 0x0000000100000000)
  eden space 58880K, 0% used [0x00000000f5580000,0x00000000f5580000,0x00000000f8f00000)
  from space 57856K, 47% used [0x00000000f8f00000,0x00000000fa9ce508,0x00000000fc780000)
  to   space 57856K, 0% used [0x00000000fc780000,0x00000000fc780000,0x0000000100000000)
 ParOldGen       total 349696K, used 285234K [0x00000000e0000000, 0x00000000f5580000, 0x00000000f5580000)
  object space 349696K, 81% used [0x00000000e0000000,0x00000000f168c9f8,0x00000000f5580000)
 Metaspace       used 57382K, capacity 58040K, committed 58288K, reserved 1099776K
  class space    used 8179K, capacity 8325K, committed 8368K, reserved 1048576K
}
Event: 190.665 GC heap before
{Heap before GC invocations=26 (full 7):
 PSYoungGen      total 116736K, used 27449K [0x00000000f5580000, 0x0000000100000000, 0x0000000100000000)
  eden space 58880K, 0% used [0x00000000f5580000,0x00000000f5580000,0x00000000f8f00000)
  from space 57856K, 47% used [0x00000000f8f00000,0x00000000fa9ce508,0x00000000fc780000)
  to   space 57856K, 0% used [0x00000000fc780000,0x00000000fc780000,0x0000000100000000)
 ParOldGen       total 349696K, used 285234K [0x00000000e0000000, 0x00000000f5580000, 0x00000000f5580000)
  object space 349696K, 81% used [0x00000000e0000000,0x00000000f168c9f8,0x00000000f5580000)
 Metaspace       used 57382K, capacity 58040K, committed 58288K, reserved 1099776K
  class space    used 8179K, capacity 8325K, committed 8368K, reserved 1048576K
Event: 190.948 GC heap after
Heap after GC invocations=26 (full 7):
 PSYoungGen      total 116736K, used 0K [0x00000000f5580000, 0x0000000100000000, 0x0000000100000000)
  eden space 58880K, 0% used [0x00000000f5580000,0x00000000f5580000,0x00000000f8f00000)
  from space 57856K, 0% used [0x00000000f8f00000,0x00000000f8f00000,0x00000000fc780000)
  to   space 57856K, 0% used [0x00000000fc780000,0x00000000fc780000,0x0000000100000000)
 ParOldGen       total 349696K, used 253753K [0x00000000e0000000, 0x00000000f5580000, 0x00000000f5580000)
  object space 349696K, 72% used [0x00000000e0000000,0x00000000ef7ce6e8,0x00000000f5580000)
 Metaspace       used 57382K, capacity 58040K, committed 58288K, reserved 1099776K
  class space    used 8179K, capacity 8325K, committed 8368K, reserved 1048576K
}

Deoptimization events (10 events):
Event: 3.493 Thread 0x00007fb14008a000 Uncommon trap: reason=unstable_if action=reinterpret pc=0x00007fb1314b9290 method=java.util.WeakHashMap.eq(Ljava/lang/Object;Ljava/lang/Object;)Z @ 2
Event: 5.863 Thread 0x00007fb0f0006800 Uncommon trap: reason=unstable_if action=reinterpret pc=0x00007fb13169dc9c method=java.security.CodeSource.hashCode()I @ 4
Event: 5.957 Thread 0x00007fb0f0006800 Uncommon trap: reason=predicate action=maybe_recompile pc=0x00007fb1314fb34c method=java.lang.String.regionMatches(ZILjava/lang/String;II)Z @ 63
Event: 6.354 Thread 0x00007fb0f0006800 Uncommon trap: reason=unstable_if action=reinterpret pc=0x00007fb1317f994c method=java.io.BufferedReader.readLine(Z)Ljava/lang/String; @ 160
Event: 6.859 Thread 0x00005575817da000 Uncommon trap: reason=unstable_if action=reinterpret pc=0x00007fb131801218 method=java.util.WeakHashMap.remove(Ljava/lang/Object;)Ljava/lang/Object; @ 94
Event: 7.036 Thread 0x00007fb0f0006800 Uncommon trap: reason=class_check action=maybe_recompile pc=0x00007fb131820874 method=java.io.DataOutputStream.write(I)V @ 5
Event: 7.036 Thread 0x00007fb0f0006800 Uncommon trap: reason=class_check action=maybe_recompile pc=0x00007fb131820874 method=java.io.DataOutputStream.write(I)V @ 5
Event: 7.036 Thread 0x00007fb0f0006800 Uncommon trap: reason=class_check action=maybe_recompile pc=0x00007fb131820874 method=java.io.DataOutputStream.write(I)V @ 5
Event: 7.307 Thread 0x00007fb0f0006800 Uncommon trap: reason=unstable_if action=reinterpret pc=0x00007fb1317d93d0 method=java.lang.Class$MethodArray.addIfNotPresent(Ljava/lang/reflect/Method;)V @ 19
Event: 186.021 Thread 0x00007fb0fc07c800 Uncommon trap: reason=unstable_if action=reinterpret pc=0x00007fb1319e0d1c method=java.io.ObjectInputStream$BlockDataInputStream.read([BIIZ)I @ 83

Classes redefined (0 events):
No events

Internal exceptions (10 events):
Event: 41.179 Thread 0x00007fb0fc07c800 Exception <a 'java/lang/NoSuchMethodError': <clinit>> (0x00000000fa6cec48) thrown at [/build/openjdk-8-tHGPRh/openjdk-8-8u275-b01/src/hotspot/src/share/vm/prims/jni.cpp, line 1616]
Event: 41.188 Thread 0x00007fb0fc07c800 Exception <a 'java/lang/NoSuchMethodError': <clinit>> (0x00000000fa76f4a0) thrown at [/build/openjdk-8-tHGPRh/openjdk-8-8u275-b01/src/hotspot/src/share/vm/prims/jni.cpp, line 1616]
Event: 180.278 Thread 0x00005575817da000 Exception <a 'java/lang/NoSuchMethodError': <clinit>> (0x00000000f5f19f88) thrown at [/build/openjdk-8-tHGPRh/openjdk-8-8u275-b01/src/hotspot/src/share/vm/prims/jni.cpp, line 1616]
Event: 180.278 Thread 0x00005575817da000 Exception <a 'java/lang/NoSuchMethodError': <clinit>> (0x00000000f5f29400) thrown at [/build/openjdk-8-tHGPRh/openjdk-8-8u275-b01/src/hotspot/src/share/vm/prims/jni.cpp, line 1616]
Event: 180.345 Thread 0x0000557581904800 Exception <a 'java/lang/NoSuchMethodError': <clinit>> (0x00000000f5fd6160) thrown at [/build/openjdk-8-tHGPRh/openjdk-8-8u275-b01/src/hotspot/src/share/vm/prims/jni.cpp, line 1616]
Event: 180.353 Thread 0x0000557581933800 Exception <a 'java/lang/NoSuchMethodError': <clinit>> (0x00000000f600e7e8) thrown at [/build/openjdk-8-tHGPRh/openjdk-8-8u275-b01/src/hotspot/src/share/vm/prims/jni.cpp, line 1616]
Event: 184.755 Thread 0x00007fb0fc07c800 Exception <a 'java/lang/NoSuchMethodError': <clinit>> (0x00000000f58cd590) thrown at [/build/openjdk-8-tHGPRh/openjdk-8-8u275-b01/src/hotspot/src/share/vm/prims/jni.cpp, line 1616]
Event: 184.756 Thread 0x00007fb0fc07c800 Exception <a 'java/lang/NoSuchMethodError': <clinit>> (0x00000000f6393198) thrown at [/build/openjdk-8-tHGPRh/openjdk-8-8u275-b01/src/hotspot/src/share/vm/prims/jni.cpp, line 1616]
Event: 185.776 Thread 0x00005575817db000 Exception <a 'java/lang/NoSuchMethodError': <clinit>> (0x00000000f777f3d0) thrown at [/build/openjdk-8-tHGPRh/openjdk-8-8u275-b01/src/hotspot/src/share/vm/prims/jni.cpp, line 1616]
Event: 186.063 Thread 0x00005575817da000 Exception <a 'java/lang/NoSuchMethodError': <clinit>> (0x00000000f70d8ba8) thrown at [/build/openjdk-8-tHGPRh/openjdk-8-8u275-b01/src/hotspot/src/share/vm/prims/jni.cpp, line 1616]

Events (10 events):
Event: 189.825 Executing VM operation: BulkRevokeBias
Event: 189.827 Executing VM operation: BulkRevokeBias done
Event: 189.905 Executing VM operation: ParallelGCFailedAllocation
Event: 189.923 Executing VM operation: ParallelGCFailedAllocation done
Event: 190.218 Executing VM operation: ParallelGCFailedAllocation
Event: 190.245 Executing VM operation: ParallelGCFailedAllocation done
Event: 190.461 Executing VM operation: RevokeBias
Event: 190.461 Executing VM operation: RevokeBias done
Event: 190.636 Executing VM operation: ParallelGCFailedAllocation
Event: 190.948 Executing VM operation: ParallelGCFailedAllocation done


Dynamic libraries:
e0000000-f5580000 rw-p 00000000 00:00 0 
f5580000-100000000 rw-p 00000000 00:00 0 
100000000-10082c000 rw-p 00000000 00:00 0 
10082c000-140000000 ---p 00000000 00:00 0 
557581285000-557581286000 r-xp 00000000 fd:01 131522                     /usr/lib/jvm/java-8-openjdk-amd64/jre/bin/java
557581485000-557581486000 r--p 00000000 fd:01 131522                     /usr/lib/jvm/java-8-openjdk-amd64/jre/bin/java
557581486000-557581487000 rw-p 00001000 fd:01 131522                     /usr/lib/jvm/java-8-openjdk-amd64/jre/bin/java
5575816b1000-55758367d000 rw-p 00000000 00:00 0                          [heap]
7fb0e7ae3000-7fb0e7ae6000 ---p 00000000 00:00 0 
7fb0e7ae6000-7fb0e7be4000 rw-p 00000000 00:00 0 
7fb0e7be4000-7fb0e7be7000 ---p 00000000 00:00 0 
7fb0e7be7000-7fb0e7ce5000 rw-p 00000000 00:00 0 
7fb0e7ce5000-7fb0e7ce8000 ---p 00000000 00:00 0 
7fb0e7ce8000-7fb0e7de6000 rw-p 00000000 00:00 0 
7fb0e93de000-7fb0e93e1000 ---p 00000000 00:00 0 
7fb0e93e1000-7fb0e94df000 rw-p 00000000 00:00 0 
7fb0e94df000-7fb0e94e2000 ---p 00000000 00:00 0 
7fb0e94e2000-7fb0e95e0000 rw-p 00000000 00:00 0 
7fb0e95e0000-7fb0e95e3000 ---p 00000000 00:00 0 
7fb0e95e3000-7fb0e96e1000 rw-p 00000000 00:00 0 
7fb0e96e1000-7fb0e96e4000 ---p 00000000 00:00 0 
7fb0e96e4000-7fb0e97e2000 rw-p 00000000 00:00 0 
7fb0e97e2000-7fb0e97e5000 ---p 00000000 00:00 0 
7fb0e97e5000-7fb0e98e3000 rw-p 00000000 00:00 0 
7fb0e98e3000-7fb0e98e6000 ---p 00000000 00:00 0 
7fb0e98e6000-7fb0e99e4000 rw-p 00000000 00:00 0 
7fb0e99e4000-7fb0e99e7000 ---p 00000000 00:00 0 
7fb0e99e7000-7fb0e9ae5000 rw-p 00000000 00:00 0 
7fb0e9ae5000-7fb0e9ae8000 ---p 00000000 00:00 0 
7fb0e9ae8000-7fb0e9be6000 rw-p 00000000 00:00 0 
7fb0e9be6000-7fb0e9be9000 ---p 00000000 00:00 0 
7fb0e9be9000-7fb0e9ce7000 rw-p 00000000 00:00 0 
7fb0e9ce7000-7fb0e9cea000 ---p 00000000 00:00 0 
7fb0e9cea000-7fb0eade9000 rw-p 00000000 00:00 0 
7fb0eade9000-7fb0eadec000 ---p 00000000 00:00 0 
7fb0eadec000-7fb0eafaa000 rw-p 00000000 00:00 0 
7fb0eafaa000-7fb0eb0ea000 ---p 00000000 00:00 0 
7fb0eb0ea000-7fb0ed0ec000 rw-p 00000000 00:00 0 
7fb0ed0ec000-7fb0ed0ef000 ---p 00000000 00:00 0 
7fb0ed0ef000-7fb0ed3ed000 rw-p 00000000 00:00 0 
7fb0ed3ed000-7fb0ed3f0000 ---p 00000000 00:00 0 
7fb0ed3f0000-7fb0ed4ee000 rw-p 00000000 00:00 0 
7fb0ed4ee000-7fb0ed4f1000 ---p 00000000 00:00 0 
7fb0ed4f1000-7fb0ed7ef000 rw-p 00000000 00:00 0 
7fb0ed7ef000-7fb0ed9ef000 rw-p 00000000 00:00 0 
7fb0ed9ef000-7fb0edbef000 rw-p 00000000 00:00 0 
7fb0edbef000-7fb0efbf1000 rw-p 00000000 00:00 0 
7fb0efbf1000-7fb0efbf4000 ---p 00000000 00:00 0 
7fb0efbf4000-7fb0efcf2000 rw-p 00000000 00:00 0 
7fb0efcf2000-7fb0efcf5000 ---p 00000000 00:00 0 
7fb0efcf5000-7fb0efdf3000 rw-p 00000000 00:00 0 
7fb0efdf3000-7fb0efe00000 r-xp 00000000 fd:01 66316                      /tmp/liblz4-java6998584170288413150.so
7fb0efe00000-7fb0effff000 ---p 0000d000 fd:01 66316                      /tmp/liblz4-java6998584170288413150.so
7fb0effff000-7fb0f0000000 rw-p 0000c000 fd:01 66316                      /tmp/liblz4-java6998584170288413150.so
7fb0f0000000-7fb0f002e000 rw-p 00000000 00:00 0 
7fb0f002e000-7fb0f4000000 ---p 00000000 00:00 0 
7fb0f40e4000-7fb0f42e4000 rw-p 00000000 00:00 0 
7fb0f42e4000-7fb0f42e7000 ---p 00000000 00:00 0 
7fb0f42e7000-7fb0f45e5000 rw-p 00000000 00:00 0 
7fb0f45e5000-7fb0f47e5000 rw-p 00000000 00:00 0 
7fb0f47e5000-7fb0f47e8000 ---p 00000000 00:00 0 
7fb0f47e8000-7fb0f4ae6000 rw-p 00000000 00:00 0 
7fb0f4ae6000-7fb0f4ce6000 rw-p 00000000 00:00 0 
7fb0f4ce6000-7fb0f4ee6000 rw-p 00000000 00:00 0 
7fb0f4ee6000-7fb0f4ee9000 ---p 00000000 00:00 0 
7fb0f4ee9000-7fb0f4fe7000 rw-p 00000000 00:00 0 
7fb0f4fe7000-7fb0f4fea000 ---p 00000000 00:00 0 
7fb0f4fea000-7fb0f50e8000 rw-p 00000000 00:00 0 
7fb0f50e8000-7fb0f50eb000 ---p 00000000 00:00 0 
7fb0f50eb000-7fb0f51e9000 rw-p 00000000 00:00 0 
7fb0f51e9000-7fb0f51ec000 ---p 00000000 00:00 0 
7fb0f51ec000-7fb0f52ea000 rw-p 00000000 00:00 0 
7fb0f52ea000-7fb0f52ed000 ---p 00000000 00:00 0 
7fb0f52ed000-7fb0f55eb000 rw-p 00000000 00:00 0 
7fb0f55eb000-7fb0f55ee000 ---p 00000000 00:00 0 
7fb0f55ee000-7fb0f68ed000 rw-p 00000000 00:00 0 
7fb0f68ed000-7fb0f68f0000 ---p 00000000 00:00 0 
7fb0f68f0000-7fb0f69ee000 rw-p 00000000 00:00 0 
7fb0f69ee000-7fb0f69f1000 ---p 00000000 00:00 0 
7fb0f69f1000-7fb0f6aef000 rw-p 00000000 00:00 0 
7fb0f6aef000-7fb0f6af2000 ---p 00000000 00:00 0 
7fb0f6af2000-7fb0f6bf0000 rw-p 00000000 00:00 0 
7fb0f6bf0000-7fb0f6bf3000 ---p 00000000 00:00 0 
7fb0f6bf3000-7fb0f6cf1000 rw-p 00000000 00:00 0 
7fb0f6cf1000-7fb0f6cf4000 ---p 00000000 00:00 0 
7fb0f6cf4000-7fb0f6df2000 rw-p 00000000 00:00 0 
7fb0f6df2000-7fb0f6df5000 ---p 00000000 00:00 0 
7fb0f6df5000-7fb0f6ef3000 rw-p 00000000 00:00 0 
7fb0f6ef3000-7fb0f6ef6000 ---p 00000000 00:00 0 
7fb0f6ef6000-7fb0f6ff4000 rw-p 00000000 00:00 0 
7fb0f6ff4000-7fb0f6ff7000 ---p 00000000 00:00 0 
7fb0f6ff7000-7fb0f70f5000 rw-p 00000000 00:00 0 
7fb0f70f5000-7fb0f70f8000 ---p 00000000 00:00 0 
7fb0f70f8000-7fb0f71f6000 rw-p 00000000 00:00 0 
7fb0f71f6000-7fb0f71f9000 ---p 00000000 00:00 0 
7fb0f71f9000-7fb0f74f7000 rw-p 00000000 00:00 0 
7fb0f74f7000-7fb0f74fa000 ---p 00000000 00:00 0 
7fb0f74fa000-7fb0f75f8000 rw-p 00000000 00:00 0 
7fb0f75f8000-7fb0f75fb000 ---p 00000000 00:00 0 
7fb0f75fb000-7fb0f76f9000 rw-p 00000000 00:00 0 
7fb0f76f9000-7fb0f76fc000 ---p 00000000 00:00 0 
7fb0f76fc000-7fb0f77fa000 rw-p 00000000 00:00 0 
7fb0f77fa000-7fb0f77fd000 ---p 00000000 00:00 0 
7fb0f77fd000-7fb0f78fb000 rw-p 00000000 00:00 0 
7fb0f78fb000-7fb0f78fe000 ---p 00000000 00:00 0 
7fb0f78fe000-7fb0f79fc000 rw-p 00000000 00:00 0 
7fb0f79fc000-7fb0f79ff000 ---p 00000000 00:00 0 
7fb0f79ff000-7fb0f7afd000 rw-p 00000000 00:00 0 
7fb0f7afd000-7fb0f7b00000 ---p 00000000 00:00 0 
7fb0f7b00000-7fb0f7bfe000 rw-p 00000000 00:00 0 
7fb0f7bfe000-7fb0f7c01000 ---p 00000000 00:00 0 
7fb0f7c01000-7fb0f7eff000 rw-p 00000000 00:00 0 
7fb0f7eff000-7fb0f7f02000 ---p 00000000 00:00 0 
7fb0f7f02000-7fb0f8000000 rw-p 00000000 00:00 0 
7fb0f8000000-7fb0f8025000 rw-p 00000000 00:00 0 
7fb0f8025000-7fb0fc000000 ---p 00000000 00:00 0 
7fb0fc000000-7fb0fc097000 rw-p 00000000 00:00 0 
7fb0fc097000-7fb100000000 ---p 00000000 00:00 0 
7fb100000000-7fb100021000 rw-p 00000000 00:00 0 
7fb100021000-7fb104000000 ---p 00000000 00:00 0 
7fb104000000-7fb104047000 rw-p 00000000 00:00 0 
7fb104047000-7fb108000000 ---p 00000000 00:00 0 
7fb108000000-7fb108b57000 rw-p 00000000 00:00 0 
7fb108b57000-7fb10c000000 ---p 00000000 00:00 0 
7fb10c000000-7fb10c021000 rw-p 00000000 00:00 0 
7fb10c021000-7fb110000000 ---p 00000000 00:00 0 
7fb110000000-7fb110064000 rw-p 00000000 00:00 0 
7fb110064000-7fb114000000 ---p 00000000 00:00 0 
7fb114000000-7fb115704000 rw-p 00000000 00:00 0 
7fb115704000-7fb118000000 ---p 00000000 00:00 0 
7fb118000000-7fb11805f000 rw-p 00000000 00:00 0 
7fb11805f000-7fb11c000000 ---p 00000000 00:00 0 
7fb11c000000-7fb11c021000 rw-p 00000000 00:00 0 
7fb11c021000-7fb120000000 ---p 00000000 00:00 0 
7fb120000000-7fb1200b0000 rw-p 00000000 00:00 0 
7fb1200b0000-7fb124000000 ---p 00000000 00:00 0 
7fb124000000-7fb127049000 rw-p 00000000 00:00 0 
7fb127049000-7fb128000000 ---p 00000000 00:00 0 
7fb1280eb000-7fb1280ee000 ---p 00000000 00:00 0 
7fb1280ee000-7fb1281ec000 rw-p 00000000 00:00 0 
7fb1281ec000-7fb1281ef000 ---p 00000000 00:00 0 
7fb1281ef000-7fb1282ed000 rw-p 00000000 00:00 0 
7fb1282ed000-7fb1282f0000 ---p 00000000 00:00 0 
7fb1282f0000-7fb1283ee000 rw-p 00000000 00:00 0 
7fb1283ee000-7fb1283f1000 ---p 00000000 00:00 0 
7fb1283f1000-7fb1284ef000 rw-p 00000000 00:00 0 
7fb1284ef000-7fb1284f2000 ---p 00000000 00:00 0 
7fb1284f2000-7fb1285f0000 rw-p 00000000 00:00 0 
7fb1285f0000-7fb1285f3000 ---p 00000000 00:00 0 
7fb1285f3000-7fb1286f1000 rw-p 00000000 00:00 0 
7fb1286f1000-7fb1286f4000 ---p 00000000 00:00 0 
7fb1286f4000-7fb1287f2000 rw-p 00000000 00:00 0 
7fb1287f2000-7fb1287f5000 ---p 00000000 00:00 0 
7fb1287f5000-7fb1288f3000 rw-p 00000000 00:00 0 
7fb1288f3000-7fb1288f6000 ---p 00000000 00:00 0 
7fb1288f6000-7fb128bf4000 rw-p 00000000 00:00 0 
7fb128bf4000-7fb128bf7000 ---p 00000000 00:00 0 
7fb128bf7000-7fb128cf5000 rw-p 00000000 00:00 0 
7fb128cf5000-7fb128cf8000 ---p 00000000 00:00 0 
7fb128cf8000-7fb128ff6000 rw-p 00000000 00:00 0 
7fb128ff6000-7fb128ff9000 ---p 00000000 00:00 0 
7fb128ff9000-7fb1290f7000 rw-p 00000000 00:00 0 
7fb1290f7000-7fb1290fa000 ---p 00000000 00:00 0 
7fb1290fa000-7fb1291f8000 rw-p 00000000 00:00 0 
7fb1291f8000-7fb1291fb000 ---p 00000000 00:00 0 
7fb1291fb000-7fb1294f9000 rw-p 00000000 00:00 0 
7fb1294f9000-7fb1294fa000 r-xp 00000000 fd:01 131477                     /usr/lib/jvm/java-8-openjdk-amd64/jre/lib/amd64/libjaas_unix.so
7fb1294fa000-7fb1296f9000 ---p 00001000 fd:01 131477                     /usr/lib/jvm/java-8-openjdk-amd64/jre/lib/amd64/libjaas_unix.so
7fb1296f9000-7fb1296fa000 r--p 00000000 fd:01 131477                     /usr/lib/jvm/java-8-openjdk-amd64/jre/lib/amd64/libjaas_unix.so
7fb1296fa000-7fb1296fb000 rw-p 00001000 fd:01 131477                     /usr/lib/jvm/java-8-openjdk-amd64/jre/lib/amd64/libjaas_unix.so
7fb1296fb000-7fb1296fe000 ---p 00000000 00:00 0 
7fb1296fe000-7fb1299fc000 rw-p 00000000 00:00 0 
7fb1299fc000-7fb129a05000 r-xp 00000000 fd:01 131456                     /usr/lib/jvm/java-8-openjdk-amd64/jre/lib/amd64/libmanagement.so
7fb129a05000-7fb129c04000 ---p 00009000 fd:01 131456                     /usr/lib/jvm/java-8-openjdk-amd64/jre/lib/amd64/libmanagement.so
7fb129c04000-7fb129c05000 r--p 00008000 fd:01 131456                     /usr/lib/jvm/java-8-openjdk-amd64/jre/lib/amd64/libmanagement.so
7fb129c05000-7fb129c06000 rw-p 00009000 fd:01 131456                     /usr/lib/jvm/java-8-openjdk-amd64/jre/lib/amd64/libmanagement.so
7fb129c06000-7fb129e06000 rw-p 00000000 00:00 0 
7fb129e06000-7fb12a006000 rw-p 00000000 00:00 0 
7fb12a006000-7fb12a0c3000 r--s 00904000 fd:01 265876                     /home/user/spark-2.4.4-bin-hadoop2.7/jars/spark-catalyst_2.11-2.4.4.jar
7fb12a0c3000-7fb12a0d3000 r--s 00133000 fd:01 265821                     /home/user/spark-2.4.4-bin-hadoop2.7/jars/arrow-vector-0.10.0.jar
7fb12a0d3000-7fb12a0ec000 r--s 00164000 fd:01 265767                     /home/user/spark-2.4.4-bin-hadoop2.7/jars/hadoop-mapreduce-client-core-2.7.3.jar
7fb12a0ec000-7fb12a102000 r--s 00124000 fd:01 265747                     /home/user/spark-2.4.4-bin-hadoop2.7/jars/ivy-2.4.0.jar
7fb12a12f000-7fb12a142000 r--s 0034b000 fd:01 131512                     /usr/lib/jvm/java-8-openjdk-amd64/jre/lib/resources.jar
7fb12a142000-7fb12a145000 ---p 00000000 00:00 0 
7fb12a145000-7fb12a17b000 rw-p 00000000 00:00 0 
7fb12a17b000-7fb12a18c000 r--s 001bc000 fd:01 131480                     /usr/lib/jvm/java-8-openjdk-amd64/jre/lib/jsse.jar
7fb12a18c000-7fb12a1a5000 r--s 00150000 fd:01 265750                     /home/user/spark-2.4.4-bin-hadoop2.7/jars/htrace-core-3.1.0-incubating.jar
7fb12a1a5000-7fb12a1a8000 r--s 0000f000 fd:01 265864                     /home/user/spark-2.4.4-bin-hadoop2.7/jars/spark-network-shuffle_2.11-2.4.4.jar
7fb12a1a8000-7fb12a1aa000 r--s 0000e000 fd:01 265775                     /home/user/spark-2.4.4-bin-hadoop2.7/jars/guice-servlet-3.0.jar
7fb12a1aa000-7fb12a1b0000 r--s 0004c000 fd:01 265832                     /home/user/spark-2.4.4-bin-hadoop2.7/jars/antlr4-runtime-4.7.jar
7fb12a1b0000-7fb12a1b8000 r--s 0003b000 fd:01 265786                     /home/user/spark-2.4.4-bin-hadoop2.7/jars/curator-recipes-2.7.1.jar
7fb12a1b8000-7fb12a1c6000 r--s 000a3000 fd:01 265895                     /home/user/spark-2.4.4-bin-hadoop2.7/jars/parquet-format-2.4.0.jar
7fb12a1c6000-7fb12a1de000 r--s 000d6000 fd:01 265946                     /home/user/spark-2.4.4-bin-hadoop2.7/jars/jersey-guava-2.22.2.jar
7fb12a1de000-7fb12a1e2000 r--s 0001a000 fd:01 265915                     /home/user/spark-2.4.4-bin-hadoop2.7/jars/metrics-core-3.1.5.jar
7fb12a1e2000-7fb12a24d000 r--s 0093d000 fd:01 265854                     /home/user/spark-2.4.4-bin-hadoop2.7/jars/spire_2.11-0.13.0.jar
7fb12a24d000-7fb12a250000 r--s 00015000 fd:01 265889                     /home/user/spark-2.4.4-bin-hadoop2.7/jars/pyrolite-4.13.jar
7fb12a250000-7fb12a284000 r--s 00277000 fd:01 265893                     /home/user/spark-2.4.4-bin-hadoop2.7/jars/parquet-hadoop-bundle-1.6.0.jar
7fb12a284000-7fb12a28a000 r--s 0003c000 fd:01 265879                     /home/user/spark-2.4.4-bin-hadoop2.7/jars/snakeyaml-1.15.jar
7fb12a28a000-7fb12a28f000 r--s 00041000 fd:01 265796                     /home/user/spark-2.4.4-bin-hadoop2.7/jars/commons-lang-2.6.jar
7fb12a28f000-7fb12a296000 r--s 0007d000 fd:01 265943                     /home/user/spark-2.4.4-bin-hadoop2.7/jars/jetty-6.1.26.jar
7fb12a296000-7fb12a29c000 r--s 00045000 fd:01 265798                     /home/user/spark-2.4.4-bin-hadoop2.7/jars/commons-httpclient-3.1.jar
7fb12a29c000-7fb12a2a0000 r--s 0003c000 fd:01 265745                     /home/user/spark-2.4.4-bin-hadoop2.7/jars/jackson-core-2.6.7.jar
7fb12a2a0000-7fb12a2a4000 r--s 00025000 fd:01 265950                     /home/user/spark-2.4.4-bin-hadoop2.7/jars/jersey-client-2.22.2.jar
7fb12a2a4000-7fb12a30f000 r--s 00784000 fd:01 265770                     /home/user/spark-2.4.4-bin-hadoop2.7/jars/hadoop-hdfs-2.7.3.jar
7fb12a30f000-7fb12a311000 r--s 0000d000 fd:01 265810                     /home/user/spark-2.4.4-bin-hadoop2.7/jars/chill-java-0.9.3.jar
7fb12a311000-7fb12a317000 r--s 0002c000 fd:01 265951                     /home/user/spark-2.4.4-bin-hadoop2.7/jars/jdo-api-3.0.1.jar
7fb12a317000-7fb12a31a000 r--s 00015000 fd:01 265791                     /home/user/spark-2.4.4-bin-hadoop2.7/jars/commons-pool-1.5.4.jar
7fb12a31a000-7fb12a35b000 r--s 0035a000 fd:01 265909                     /home/user/spark-2.4.4-bin-hadoop2.7/jars/netty-all-4.1.17.Final.jar
7fb12a35b000-7fb12a35d000 r--s 00010000 fd:01 265945                     /home/user/spark-2.4.4-bin-hadoop2.7/jars/jersey-media-jaxb-2.22.2.jar
7fb12a35d000-7fb12a361000 r--s 0004c000 fd:01 265838                     /home/user/spark-2.4.4-bin-hadoop2.7/jars/RoaringBitmap-0.7.45.jar
7fb12a361000-7fb12a363000 r--s 00010000 fd:01 265765                     /home/user/spark-2.4.4-bin-hadoop2.7/jars/hadoop-mapreduce-client-shuffle-2.7.3.jar
7fb12a363000-7fb12a365000 r--s 00008000 fd:01 265912                     /home/user/spark-2.4.4-bin-hadoop2.7/jars/metrics-jvm-3.1.5.jar
7fb12a365000-7fb12a369000 r--s 00025000 fd:01 265833                     /home/user/spark-2.4.4-bin-hadoop2.7/jars/antlr-runtime-3.4.jar
7fb12a369000-7fb12a441000 r--s 00d92000 fd:01 265814                     /home/user/spark-2.4.4-bin-hadoop2.7/jars/breeze_2.11-0.13.2.jar
7fb12a441000-7fb12a4ea000 r--s 00a4f000 fd:01 265757                     /home/user/spark-2.4.4-bin-hadoop2.7/jars/hive-exec-1.2.1.spark2.jar
7fb12a4ea000-7fb12a521000 r--s 00325000 fd:01 265812                     /home/user/spark-2.4.4-bin-hadoop2.7/jars/calcite-core-1.2.0-incubating.jar
7fb12a521000-7fb12a525000 r--s 0002a000 fd:01 265817                     /home/user/spark-2.4.4-bin-hadoop2.7/jars/avro-mapred-1.8.2-hadoop2.jar
7fb12a525000-7fb12a527000 r--s 0000c000 fd:01 265870                     /home/user/spark-2.4.4-bin-hadoop2.7/jars/spark-kvstore_2.11-2.4.4.jar
7fb12a527000-7fb12a529000 r--s 00014000 fd:01 265855                     /home/user/spark-2.4.4-bin-hadoop2.7/jars/spire-macros_2.11-0.13.0.jar
7fb12a529000-7fb12a530000 r--s 00039000 fd:01 265813                     /home/user/spark-2.4.4-bin-hadoop2.7/jars/calcite-avatica-1.2.0-incubating.jar
7fb12a530000-7fb12a535000 r--s 0004e000 fd:01 265785                     /home/user/spark-2.4.4-bin-hadoop2.7/jars/datanucleus-api-jdo-3.2.6.jar
7fb12a535000-7fb12a537000 r--s 0001f000 fd:01 265801                     /home/user/spark-2.4.4-bin-hadoop2.7/jars/commons-crypto-1.0.0.jar
7fb12a537000-7fb12a538000 r--s 00003000 fd:01 265858                     /home/user/spark-2.4.4-bin-hadoop2.7/jars/spark-tags_2.11-2.4.4.jar
7fb12a538000-7fb12a53a000 r--s 00015000 fd:01 265773                     /home/user/spark-2.4.4-bin-hadoop2.7/jars/hadoop-auth-2.7.3.jar
7fb12a53a000-7fb12a541000 r--s 00053000 fd:01 265803                     /home/user/spark-2.4.4-bin-hadoop2.7/jars/commons-compress-1.8.1.jar
7fb12a541000-7fb12a543000 r--s 00012000 fd:01 265825                     /home/user/spark-2.4.4-bin-hadoop2.7/jars/api-util-1.0.0-M20.jar
7fb12a543000-7fb12a565000 r--s 0019a000 fd:01 265873                     /home/user/spark-2.4.4-bin-hadoop2.7/jars/spark-hive-thriftserver_2.11-2.4.4.jar
7fb12a565000-7fb12a56d000 r--s 0007b000 fd:01 265891                     /home/user/spark-2.4.4-bin-hadoop2.7/jars/protobuf-java-2.5.0.jar
7fb12a56d000-7fb12a588000 r--s 0012d000 fd:01 265872                     /home/user/spark-2.4.4-bin-hadoop2.7/jars/spark-hive_2.11-2.4.4.jar
7fb12a588000-7fb12a5eb000 r--s 004de000 fd:01 265755                     /home/user/spark-2.4.4-bin-hadoop2.7/jars/hive-metastore-1.2.1.spark2.jar
7fb12a5eb000-7fb12a5ec000 r--s 00007000 fd:01 265965                     /home/user/spark-2.4.4-bin-hadoop2.7/jars/jackson-module-jaxb-annotations-2.6.7.jar
7fb12a5ec000-7fb12a5f5000 r--s 0006f000 fd:01 265921                     /home/user/spark-2.4.4-bin-hadoop2.7/jars/log4j-1.2.17.jar
7fb12a5f5000-7fb12a5f8000 r--s 00015000 fd:01 265956                     /home/user/spark-2.4.4-bin-hadoop2.7/jars/javax.servlet-api-3.1.0.jar
7fb12a5f8000-7fb12a5fe000 r--s 0005c000 fd:01 265907                     /home/user/spark-2.4.4-bin-hadoop2.7/jars/okhttp-3.8.1.jar
7fb12a5fe000-7fb12a600000 r--s 0000a000 fd:01 265935                     /home/user/spark-2.4.4-bin-hadoop2.7/jars/json4s-jackson_2.11-3.5.3.jar
7fb12a600000-7fb12a60d000 r--s 00083000 fd:01 265805                     /home/user/spark-2.4.4-bin-hadoop2.7/jars/commons-collections-3.2.2.jar
7fb12a60d000-7fb12a60e000 r--s 00013000 fd:01 265906                     /home/user/spark-2.4.4-bin-hadoop2.7/jars/okio-1.13.0.jar
7fb12a60e000-7fb12a616000 r--s 00066000 fd:01 265829                     /home/user/spark-2.4.4-bin-hadoop2.7/jars/apache-log4j-extras-1.2.17.jar
7fb12a616000-7fb12a617000 r--s 00004000 fd:01 265900                     /home/user/spark-2.4.4-bin-hadoop2.7/jars/osgi-resource-locator-1.0.1.jar
7fb12a617000-7fb12a61a000 r--s 0001e000 fd:01 265835                     /home/user/spark-2.4.4-bin-hadoop2.7/jars/aircompressor-0.10.jar
7fb12a61a000-7fb12a61e000 r--s 0003e000 fd:01 265941                     /home/user/spark-2.4.4-bin-hadoop2.7/jars/jline-2.14.6.jar
7fb12a61e000-7fb12a62f000 r--s 00089000 fd:01 265940                     /home/user/spark-2.4.4-bin-hadoop2.7/jars/joda-time-2.9.3.jar
7fb12a62f000-7fb12a632000 r--s 001eb000 fd:01 265877                     /home/user/spark-2.4.4-bin-hadoop2.7/jars/snappy-java-1.1.7.3.jar
7fb12a632000-7fb12a641000 r--s 0009f000 fd:01 265776                     /home/user/spark-2.4.4-bin-hadoop2.7/jars/guice-3.0.jar
7fb12a641000-7fb12a64d000 r--s 00068000 fd:01 265886                     /home/user/spark-2.4.4-bin-hadoop2.7/jars/scala-parser-combinators_2.11-1.1.0.jar
7fb12a652000-7fb12a659000 r--s 0003f000 fd:01 265806                     /home/user/spark-2.4.4-bin-hadoop2.7/jars/commons-codec-1.10.jar
7fb12a659000-7fb12a65e000 r--s 00041000 fd:01 265846                     /home/user/spark-2.4.4-bin-hadoop2.7/jars/xbean-asm6-shaded-4.8.jar
7fb12a65e000-7fb12a662000 r--s 00035000 fd:01 265744                     /home/user/spark-2.4.4-bin-hadoop2.7/jars/jackson-core-asl-1.9.13.jar
7fb12a662000-7fb12a663000 r--s 00001000 fd:01 265957                     /home/user/spark-2.4.4-bin-hadoop2.7/jars/javax.inject-2.4.0-b34.jar
7fb12a663000-7fb12a66b000 r--s 00059000 fd:01 265954                     /home/user/spark-2.4.4-bin-hadoop2.7/jars/javolution-5.5.1.jar
7fb12a66b000-7fb12a675000 r--s 0009a000 fd:01 265884                     /home/user/spark-2.4.4-bin-hadoop2.7/jars/scala-xml_2.11-1.0.5.jar
7fb12a675000-7fb12a67b000 r--s 00034000 fd:01 265922                     /home/user/spark-2.4.4-bin-hadoop2.7/jars/libthrift-0.9.3.jar
7fb12a67b000-7fb12a67e000 r--s 00006000 fd:01 265932                     /home/user/spark-2.4.4-bin-hadoop2.7/jars/jsr305-1.3.9.jar
7fb12a67e000-7fb12a683000 r--s 0002a000 fd:01 265778                     /home/user/spark-2.4.4-bin-hadoop2.7/jars/gson-2.2.4.jar
7fb12a683000-7fb12a685000 r--s 0000e000 fd:01 265794                     /home/user/spark-2.4.4-bin-hadoop2.7/jars/commons-logging-1.1.3.jar
7fb12a685000-7fb12a693000 r--s 00089000 fd:01 265934                     /home/user/spark-2.4.4-bin-hadoop2.7/jars/json4s-scalap_2.11-3.5.3.jar
7fb12a693000-7fb12a696000 r--s 00028000 fd:01 265851                     /home/user/spark-2.4.4-bin-hadoop2.7/jars/stream-2.7.0.jar
7fb12a696000-7fb12a697000 r--s 00003000 fd:01 265931                     /home/user/spark-2.4.4-bin-hadoop2.7/jars/jta-1.1.jar
7fb12a697000-7fb12a6a9000 r--s 00112000 fd:01 265824                     /home/user/spark-2.4.4-bin-hadoop2.7/jars/arpack_combined_all-0.1.jar
7fb12a6a9000-7fb12a6ab000 r--s 0000e000 fd:01 265901                     /home/user/spark-2.4.4-bin-hadoop2.7/jars/oro-2.0.8.jar
7fb12a6ab000-7fb12a6b5000 r--s 000a5000 fd:01 265960                     /home/user/spark-2.4.4-bin-hadoop2.7/jars/javassist-3.18.1-GA.jar
7fb12a6b5000-7fb12a6b9000 r--s 00029000 fd:01 265867                     /home/user/spark-2.4.4-bin-hadoop2.7/jars/spark-mllib-local_2.11-2.4.4.jar
7fb12a6b9000-7fb12a6c6000 r--s 00071000 fd:01 265963                     /home/user/spark-2.4.4-bin-hadoop2.7/jars/jackson-module-scala_2.11-2.6.7.1.jar
7fb12a6c6000-7fb12a6c9000 r--s 000fd000 fd:01 265924                     /home/user/spark-2.4.4-bin-hadoop2.7/jars/leveldbjni-all-1.8.jar
7fb12a6c9000-7fb12a6ca000 r--s 00003000 fd:01 265779                     /home/user/spark-2.4.4-bin-hadoop2.7/jars/generex-1.0.1.jar
7fb12a6ca000-7fb12a6d2000 r--s 0005b000 fd:01 265848                     /home/user/spark-2.4.4-bin-hadoop2.7/jars/univocity-parsers-2.7.3.jar
7fb12a6d2000-7fb12a6d6000 r--s 0001e000 fd:01 265863                     /home/user/spark-2.4.4-bin-hadoop2.7/jars/spark-repl_2.11-2.4.4.jar
7fb12a6d6000-7fb12a70c000 r--s 0031c000 fd:01 265771                     /home/user/spark-2.4.4-bin-hadoop2.7/jars/hadoop-common-2.7.3.jar
7fb12a70c000-7fb12a70e000 r--s 0000f000 fd:01 265836                     /home/user/spark-2.4.4-bin-hadoop2.7/jars/activation-1.1.1.jar
7fb12a70e000-7fb12a767000 r--s 00523000 fd:01 265887                     /home/user/spark-2.4.4-bin-hadoop2.7/jars/scala-library-2.11.12.jar
7fb12a767000-7fb12a7ad000 r--s 00317000 fd:01 265883                     /home/user/spark-2.4.4-bin-hadoop2.7/jars/shapeless_2.11-2.3.2.jar
7fb12a7ad000-7fb12a7b2000 r--s 0003e000 fd:01 265792                     /home/user/spark-2.4.4-bin-hadoop2.7/jars/commons-net-3.1.jar
7fb12a7b2000-7fb12a7bd000 r--s 000bc000 fd:01 265903                     /home/user/spark-2.4.4-bin-hadoop2.7/jars/orc-mapreduce-1.5.5-nohive.jar
7fb12a7bd000-7fb12a7c4000 r--s 00058000 fd:01 265761                     /home/user/spark-2.4.4-bin-hadoop2.7/jars/hadoop-yarn-server-common-2.7.3.jar
7fb12a7c4000-7fb12a7c6000 r--s 00027000 fd:01 265789                     /home/user/spark-2.4.4-bin-hadoop2.7/jars/core-1.1.2.jar
7fb12a7c6000-7fb12a7cb000 r--s 00068000 fd:01 265834                     /home/user/spark-2.4.4-bin-hadoop2.7/jars/antlr-2.7.7.jar
7fb12a7cb000-7fb12a7cd000 r--s 0000b000 fd:01 265857                     /home/user/spark-2.4.4-bin-hadoop2.7/jars/spark-unsafe_2.11-2.4.4.jar
7fb12a7cd000-7fb12a7cf000 r--s 0000b000 fd:01 265823                     /home/user/spark-2.4.4-bin-hadoop2.7/jars/arrow-format-0.10.0.jar
7fb12a7cf000-7fb12a7dc000 r--s 000b1000 fd:01 265768                     /home/user/spark-2.4.4-bin-hadoop2.7/jars/hadoop-mapreduce-client-common-2.7.3.jar
7fb12a7dc000-7fb12a7f5000 r--s 0012c000 fd:01 265910                     /home/user/spark-2.4.4-bin-hadoop2.7/jars/netty-3.9.9.Final.jar
7fb12a7f5000-7fb12a7f7000 r--s 0001c000 fd:01 265890                     /home/user/spark-2.4.4-bin-hadoop2.7/jars/py4j-0.10.7.jar
7fb12a7f7000-7fb12a7f8000 r--s 00008000 fd:01 265918                     /home/user/spark-2.4.4-bin-hadoop2.7/jars/machinist_2.11-0.6.1.jar
7fb12a7f8000-7fb12a7fa000 r--s 00011000 fd:01 265869                     /home/user/spark-2.4.4-bin-hadoop2.7/jars/spark-launcher_2.11-2.4.4.jar
7fb12a7fa000-7fb12a7fb000 r--s 00009000 fd:01 265881                     /home/user/spark-2.4.4-bin-hadoop2.7/jars/slf4j-api-1.7.16.jar
7fb12a7fb000-7fb12a7fd000 r--s 00007000 fd:01 265899                     /home/user/spark-2.4.4-bin-hadoop2.7/jars/paranamer-2.8.jar
7fb12a7fd000-7fb12a7fe000 r--s 0000a000 fd:01 265828                     /home/user/spark-2.4.4-bin-hadoop2.7/jars/apacheds-i18n-2.0.0-M15.jar
7fb12a7fe000-7fb12a81f000 r--s 00177000 fd:01 265751                     /home/user/spark-2.4.4-bin-hadoop2.7/jars/hppc-0.7.2.jar
7fb12a81f000-7fb12a837000 r--s 00115000 fd:01 265845                     /home/user/spark-2.4.4-bin-hadoop2.7/jars/xercesImpl-2.9.1.jar
7fb12a837000-7fb12a83a000 r--s 00025000 fd:01 265800                     /home/user/spark-2.4.4-bin-hadoop2.7/jars/commons-dbcp-1.4.jar
7fb12a83a000-7fb12a847000 r--s 0009c000 fd:01 265936                     /home/user/spark-2.4.4-bin-hadoop2.7/jars/json4s-core_2.11-3.5.3.jar
7fb12a847000-7fb12a849000 r--s 00003000 fd:01 265839                     /home/user/spark-2.4.4-bin-hadoop2.7/jars/JavaEWAH-0.3.2.jar
7fb12a849000-7fb12a84a000 r--s 00003000 fd:01 265913                     /home/user/spark-2.4.4-bin-hadoop2.7/jars/metrics-json-3.1.5.jar
7fb12a84a000-7fb12a84c000 r--s 00005000 fd:01 265959                     /home/user/spark-2.4.4-bin-hadoop2.7/jars/javax.annotation-api-1.2.jar
7fb12a84c000-7fb12a850000 r--s 00036000 fd:01 265837                     /home/user/spark-2.4.4-bin-hadoop2.7/jars/ST4-4.0.4.jar
7fb12a850000-7fb12a852000 r--s 00002000 fd:01 265830                     /home/user/spark-2.4.4-bin-hadoop2.7/jars/aopalliance-repackaged-2.4.0-b34.jar
7fb12a852000-7fb12a853000 r--s 00002000 fd:01 265780                     /home/user/spark-2.4.4-bin-hadoop2.7/jars/flatbuffers-1.2.0-3f79e055.jar
7fb12a853000-7fb12a85d000 r--s 0007b000 fd:01 265769                     /home/user/spark-2.4.4-bin-hadoop2.7/jars/hadoop-mapreduce-client-app-2.7.3.jar
7fb12a85d000-7fb12a861000 r--s 00028000 fd:01 265942                     /home/user/spark-2.4.4-bin-hadoop2.7/jars/jetty-util-6.1.26.jar
7fb12a861000-7fb12a862000 r--s 00006000 fd:01 265962                     /home/user/spark-2.4.4-bin-hadoop2.7/jars/jackson-xc-1.9.13.jar
7fb12a862000-7fb12a863000 r--s 00004000 fd:01 265741                     /home/user/spark-2.4.4-bin-hadoop2.7/jars/jackson-jaxrs-1.9.13.jar
7fb12a863000-7fb12a865000 r--s 0000e000 fd:01 265766                     /home/user/spark-2.4.4-bin-hadoop2.7/jars/hadoop-mapreduce-client-jobclient-2.7.3.jar
7fb12a865000-7fb12a867000 r--s 00003000 fd:01 265826                     /home/user/spark-2.4.4-bin-hadoop2.7/jars/api-asn1-api-1.0.0-M20.jar
7fb12a867000-7fb12a87f000 r--s 001b6000 fd:01 265784                     /home/user/spark-2.4.4-bin-hadoop2.7/jars/datanucleus-core-3.2.10.jar
7fb12a87f000-7fb12a896000 r--s 00183000 fd:01 265762                     /home/user/spark-2.4.4-bin-hadoop2.7/jars/hadoop-yarn-common-2.7.3.jar
7fb12a896000-7fb12a8c6000 r--s 001e3000 fd:01 265860                     /home/user/spark-2.4.4-bin-hadoop2.7/jars/spark-streaming_2.11-2.4.4.jar
7fb12a8c6000-7fb12a8dc000 r--s 000d3000 fd:01 265944                     /home/user/spark-2.4.4-bin-hadoop2.7/jars/jersey-server-2.22.2.jar
7fb12a8dc000-7fb12a8e1000 r--s 00027000 fd:01 265820                     /home/user/spark-2.4.4-bin-hadoop2.7/jars/automaton-1.11-8.jar
7fb12a8e1000-7fb12a8e7000 r--s 00043000 fd:01 265802                     /home/user/spark-2.4.4-bin-hadoop2.7/jars/commons-configuration-1.6.jar
7fb12a8e7000-7fb12a8ea000 r--s 00014000 fd:01 265937                     /home/user/spark-2.4.4-bin-hadoop2.7/jars/json4s-ast_2.11-3.5.3.jar
7fb12a8ea000-7fb12a8f2000 r--s 0006e000 fd:01 265795                     /home/user/spark-2.4.4-bin-hadoop2.7/jars/commons-lang3-3.5.jar
7fb12a8f2000-7fb12a8f4000 r--s 00007000 fd:01 265842                     /home/user/spark-2.4.4-bin-hadoop2.7/jars/zjsonpatch-0.3.0.jar
7fb12a8f4000-7fb12a8ff000 r--s 000c5000 fd:01 265896                     /home/user/spark-2.4.4-bin-hadoop2.7/jars/parquet-encoding-1.10.1.jar
7fb12a8ff000-7fb12a900000 r--s 00004000 fd:01 265905                     /home/user/spark-2.4.4-bin-hadoop2.7/jars/opencsv-2.3.jar
7fb12a900000-7fb12a903000 r--s 00016000 fd:01 265933                     /home/user/spark-2.4.4-bin-hadoop2.7/jars/jsp-api-2.1.jar
7fb12a903000-7fb12a905000 r--s 0000d000 fd:01 265760                     /home/user/spark-2.4.4-bin-hadoop2.7/jars/hadoop-yarn-server-web-proxy-2.7.3.jar
7fb12a905000-7fb12a90a000 r--s 00027000 fd:01 265754                     /home/user/spark-2.4.4-bin-hadoop2.7/jars/hk2-api-2.4.0-b34.jar
7fb12a90a000-7fb12a915000 r--s 000b0000 fd:01 265930                     /home/user/spark-2.4.4-bin-hadoop2.7/jars/jtransforms-2.4.0.jar
7fb12a915000-7fb12a917000 r--s 00000000 fd:01 265929                     /home/user/spark-2.4.4-bin-hadoop2.7/jars/jul-to-slf4j-1.7.16.jar
7fb12a917000-7fb12a958000 r--s 006c0000 fd:01 265916                     /home/user/spark-2.4.4-bin-hadoop2.7/jars/mesos-1.4.0-shaded-protobuf.jar
7fb12a958000-7fb12a95c000 r--s 00020000 fd:01 265799                     /home/user/spark-2.4.4-bin-hadoop2.7/jars/commons-digester-1.8.jar
7fb12a95c000-7fb12a95d000 r--s 00000000 fd:01 265925                     /home/user/spark-2.4.4-bin-hadoop2.7/jars/kubernetes-model-common-4.1.2.jar
7fb12a95d000-7fb12a95f000 r--s 00009000 fd:01 265964                     /home/user/spark-2.4.4-bin-hadoop2.7/jars/jackson-module-paranamer-2.7.9.jar
7fb12a95f000-7fb12a975000 r--s 001a4000 fd:01 265783                     /home/user/spark-2.4.4-bin-hadoop2.7/jars/datanucleus-rdbms-3.2.9.jar
7fb12a975000-7fb12a977000 r--s 00004000 fd:01 265853                     /home/user/spark-2.4.4-bin-hadoop2.7/jars/stax-api-1.0-2.jar
7fb12a977000-7fb12a97f000 r--s 0005d000 fd:01 265928                     /home/user/spark-2.4.4-bin-hadoop2.7/jars/kryo-shaded-4.0.2.jar
7fb12a97f000-7fb12a980000 r--s 00000000 fd:01 265958                     /home/user/spark-2.4.4-bin-hadoop2.7/jars/javax.inject-1.jar
7fb12a980000-7fb12a983000 r--s 00019000 fd:01 265816                     /home/user/spark-2.4.4-bin-hadoop2.7/jars/bonecp-0.8.0.RELEASE.jar
7fb12a983000-7fb12a987000 r--s 0002a000 fd:01 265797                     /home/user/spark-2.4.4-bin-hadoop2.7/jars/commons-io-2.4.jar
7fb12a987000-7fb12a989000 r--s 00004000 fd:01 265914                     /home/user/spark-2.4.4-bin-hadoop2.7/jars/metrics-graphite-3.1.5.jar
7fb12a989000-7fb12a997000 r--s 000b1000 fd:01 265740                     /home/user/spark-2.4.4-bin-hadoop2.7/jars/jackson-mapper-asl-1.9.13.jar
7fb12a997000-7fb12a99b000 r--s 0001a000 fd:01 265752                     /home/user/spark-2.4.4-bin-hadoop2.7/jars/hk2-utils-2.4.0-b34.jar
7fb12a99b000-7fb12a9a1000 r--s 00063000 fd:01 265939                     /home/user/spark-2.4.4-bin-hadoop2.7/jars/jodd-core-3.5.2.jar
7fb12a9a1000-7fb12a9a6000 r--s 00041000 fd:01 265894                     /home/user/spark-2.4.4-bin-hadoop2.7/jars/parquet-hadoop-1.10.1.jar
7fb12a9a6000-7fb12a9a8000 r--s 00238000 fd:01 265840                     /home/user/spark-2.4.4-bin-hadoop2.7/jars/zstd-jni-1.3.2-2.jar
7fb12a9a8000-7fb12a9bc000 r--s 000ec000 fd:01 265892                     /home/user/spark-2.4.4-bin-hadoop2.7/jars/parquet-jackson-1.10.1.jar
7fb12a9bc000-7fb12a9bf000 r--s 00026000 fd:01 265763                     /home/user/spark-2.4.4-bin-hadoop2.7/jars/hadoop-yarn-client-2.7.3.jar
7fb12a9bf000-7fb12a9c3000 r--s 00029000 fd:01 265753                     /home/user/spark-2.4.4-bin-hadoop2.7/jars/hk2-locator-2.4.0-b34.jar
7fb12a9c3000-7fb12a9c4000 r--s 00003000 fd:01 265844                     /home/user/spark-2.4.4-bin-hadoop2.7/jars/xmlenc-0.52.jar
7fb12a9c4000-7fb12a9c6000 r--s 00009000 fd:01 265807                     /home/user/spark-2.4.4-bin-hadoop2.7/jars/commons-cli-1.2.jar
7fb12a9c6000-7fb12a9d1000 r--s 0007a000 fd:01 265927                     /home/user/spark-2.4.4-bin-hadoop2.7/jars/kubernetes-client-4.1.2.jar
7fb12a9d1000-7fb12a9d2000 r--s 00009000 fd:01 265774                     /home/user/spark-2.4.4-bin-hadoop2.7/jars/hadoop-annotations-2.7.3.jar
7fb12a9d2000-7fb12aa1f000 r--s 0041c000 fd:01 265885                     /home/user/spark-2.4.4-bin-hadoop2.7/jars/scala-reflect-2.11.12.jar
7fb12aa1f000-7fb12aa4e000 r--s 002e5000 fd:01 265782                     /home/user/spark-2.4.4-bin-hadoop2.7/jars/derby-10.12.1.1.jar
7fb12aa4e000-7fb12aa4f000 r--s 00004000 fd:01 265781                     /home/user/spark-2.4.4-bin-hadoop2.7/jars/eigenbase-properties-1.1.5.jar
7fb12aa4f000-7fb12aa70000 r--s 0015c000 fd:01 265819                     /home/user/spark-2.4.4-bin-hadoop2.7/jars/avro-1.8.2.jar
7fb12aa70000-7fb12aa73000 r--s 00017000 fd:01 265953                     /home/user/spark-2.4.4-bin-hadoop2.7/jars/jaxb-api-2.2.2.jar
7fb12aa73000-7fb12aa80000 r--s 00077000 fd:01 265871                     /home/user/spark-2.4.4-bin-hadoop2.7/jars/spark-kubernetes_2.11-2.4.4.jar
7fb12aa80000-7fb12aaaf000 r--s 0021a000 fd:01 265865                     /home/user/spark-2.4.4-bin-hadoop2.7/jars/spark-network-common_2.11-2.4.4.jar
7fb12aaaf000-7fb12aaba000 r--s 000b9000 fd:01 265961                     /home/user/spark-2.4.4-bin-hadoop2.7/jars/janino-3.0.9.jar
7fb12aaba000-7fb12aabd000 r--s 00014000 fd:01 265849                     /home/user/spark-2.4.4-bin-hadoop2.7/jars/super-csv-2.2.0.jar
7fb12aabd000-7fb12aabe000 r--s 00006000 fd:01 265772                     /home/user/spark-2.4.4-bin-hadoop2.7/jars/hadoop-client-2.7.3.jar
7fb12aabe000-7fb12aac5000 r--s 00046000 fd:01 265923                     /home/user/spark-2.4.4-bin-hadoop2.7/jars/libfb303-0.9.3.jar
7fb12aac5000-7fb12aac7000 r--s 00003000 fd:01 265948                     /home/user/spark-2.4.4-bin-hadoop2.7/jars/jersey-container-servlet-2.22.2.jar
7fb12aac7000-7fb12aacc000 r--s 00035000 fd:01 265809                     /home/user/spark-2.4.4-bin-hadoop2.7/jars/chill_2.11-0.9.3.jar
7fb12aacc000-7fb12aacf000 r--s 0000b000 fd:01 265908                     /home/user/spark-2.4.4-bin-hadoop2.7/jars/objenesis-2.5.1.jar
7fb12aacf000-7fb12aad1000 r--s 00003000 fd:01 265952                     /home/user/spark-2.4.4-bin-hadoop2.7/jars/jcl-over-slf4j-1.7.16.jar
7fb12aad1000-7fb12aad3000 r--s 00017000 fd:01 265756                     /home/user/spark-2.4.4-bin-hadoop2.7/jars/hive-jdbc-1.2.1.spark2.jar
7fb12aad3000-7fb12aad5000 r--s 00020000 fd:01 265759                     /home/user/spark-2.4.4-bin-hadoop2.7/jars/hive-beeline-1.2.1.spark2.jar
7fb12aad5000-7fb12aad6000 r--s 00002000 fd:01 265880                     /home/user/spark-2.4.4-bin-hadoop2.7/jars/slf4j-log4j12-1.7.16.jar
7fb12aad6000-7fb12aae1000 r--s 00062000 fd:01 265811                     /home/user/spark-2.4.4-bin-hadoop2.7/jars/calcite-linq4j-1.2.0-incubating.jar
7fb12aae1000-7fb12aae4000 r--s 00058000 fd:01 265919                     /home/user/spark-2.4.4-bin-hadoop2.7/jars/lz4-java-1.4.0.jar
7fb12aae4000-7fb12aae7000 r--s 0001e000 fd:01 265818                     /home/user/spark-2.4.4-bin-hadoop2.7/jars/avro-ipc-1.8.2.jar
7fb12aae7000-7fb12ab7a000 r--s 00715000 fd:01 265866                     /home/user/spark-2.4.4-bin-hadoop2.7/jars/spark-mllib_2.11-2.4.4.jar
7fb12ab7a000-7fb12ab86000 r--s 000b6000 fd:01 265841                     /home/user/spark-2.4.4-bin-hadoop2.7/jars/zookeeper-3.4.6.jar
7fb12ab86000-7fb12ab87000 r--s 00002000 fd:01 265938                     /home/user/spark-2.4.4-bin-hadoop2.7/jars/jpam-1.1.jar
7fb12ab87000-7fb12ac63000 r--s 00818000 fd:01 265926                     /home/user/spark-2.4.4-bin-hadoop2.7/jars/kubernetes-model-4.1.2.jar
7fb12ac63000-7fb12ac75000 r--s 00097000 fd:01 265827                     /home/user/spark-2.4.4-bin-hadoop2.7/jars/apacheds-kerberos-codec-2.0.0-M15.jar
7fb12ac75000-7fb12ac79000 r--s 0002a000 fd:01 265815                     /home/user/spark-2.4.4-bin-hadoop2.7/jars/breeze-macros_2.11-0.13.2.jar
7fb12ac79000-7fb12ac96000 r--s 001d5000 fd:01 265764                     /home/user/spark-2.4.4-bin-hadoop2.7/jars/hadoop-yarn-api-2.7.3.jar
7fb12ac96000-7fb12ac98000 r--s 00005000 fd:01 265852                     /home/user/spark-2.4.4-bin-hadoop2.7/jars/stax-api-1.0.1.jar
7fb12ac98000-7fb12ac9a000 r--s 00008000 fd:01 265804                     /home/user/spark-2.4.4-bin-hadoop2.7/jars/commons-compiler-3.0.9.jar
7fb12ac9a000-7fb12acae000 r--s 0016b000 fd:01 265904                     /home/user/spark-2.4.4-bin-hadoop2.7/jars/orc-core-1.5.5-nohive.jar
7fb12acae000-7fb12acb0000 r--s 00012000 fd:01 265790                     /home/user/spark-2.4.4-bin-hadoop2.7/jars/compress-lzf-1.0.3.jar
7fb12acb0000-7fb12acb4000 r--s 00019000 fd:01 265955                     /home/user/spark-2.4.4-bin-hadoop2.7/jars/javax.ws.rs-api-2.0.1.jar
7fb12acb4000-7fb12acb9000 r--s 00038000 fd:01 265808                     /home/user/spark-2.4.4-bin-hadoop2.7/jars/commons-beanutils-1.9.3.jar
7fb12acb9000-7fb12acba000 r--s 0000b000 fd:01 265878                     /home/user/spark-2.4.4-bin-hadoop2.7/jars/snappy-0.2.jar
7fb12acba000-7fb12acbe000 r--s 00015000 fd:01 265843                     /home/user/spark-2.4.4-bin-hadoop2.7/jars/xz-1.5.jar
7fb12acbe000-7fb12acce000 r--s 00095000 fd:01 265856                     /home/user/spark-2.4.4-bin-hadoop2.7/jars/spark-yarn_2.11-2.4.4.jar
7fb12acce000-7fb12ad94000 r--s 008a8000 fd:01 265861                     /home/user/spark-2.4.4-bin-hadoop2.7/jars/spark-sql_2.11-2.4.4.jar
7fb12ad94000-7fb12ad98000 r--s 0000c000 fd:01 265847                     /home/user/spark-2.4.4-bin-hadoop2.7/jars/validation-api-1.1.0.Final.jar
7fb12ad98000-7fb12adaa000 r--s 00096000 fd:01 265868                     /home/user/spark-2.4.4-bin-hadoop2.7/jars/spark-mesos_2.11-2.4.4.jar
7fb12adaa000-7fb12adb7000 r--s 000a0000 fd:01 265874                     /home/user/spark-2.4.4-bin-hadoop2.7/jars/spark-graphx_2.11-2.4.4.jar
7fb12adb7000-7fb12adbd000 r--s 00028000 fd:01 265787                     /home/user/spark-2.4.4-bin-hadoop2.7/jars/curator-framework-2.7.1.jar
7fb12adbd000-7fb12ade1000 r--s 001cd000 fd:01 265793                     /home/user/spark-2.4.4-bin-hadoop2.7/jars/commons-math3-3.4.1.jar
7fb12ade1000-7fb12adef000 r--s 0009d000 fd:01 265949                     /home/user/spark-2.4.4-bin-hadoop2.7/jars/jersey-common-2.22.2.jar
7fb12adef000-7fb12ae07000 r-xp 00000000 fd:01 131453                     /usr/lib/jvm/java-8-openjdk-amd64/jre/lib/amd64/libnet.so
7fb12ae07000-7fb12b006000 ---p 00018000 fd:01 131453                     /usr/lib/jvm/java-8-openjdk-amd64/jre/lib/amd64/libnet.so
7fb12b006000-7fb12b007000 r--p 00017000 fd:01 131453                     /usr/lib/jvm/java-8-openjdk-amd64/jre/lib/amd64/libnet.so
7fb12b007000-7fb12b008000 rw-p 00018000 fd:01 131453                     /usr/lib/jvm/java-8-openjdk-amd64/jre/lib/amd64/libnet.so
7fb12b008000-7fb12b01a000 r-xp 00000000 fd:01 131466                     /usr/lib/jvm/java-8-openjdk-amd64/jre/lib/amd64/libnio.so
7fb12b01a000-7fb12b219000 ---p 00012000 fd:01 131466                     /usr/lib/jvm/java-8-openjdk-amd64/jre/lib/amd64/libnio.so
7fb12b219000-7fb12b21a000 r--p 00011000 fd:01 131466                     /usr/lib/jvm/java-8-openjdk-amd64/jre/lib/amd64/libnio.so
7fb12b21a000-7fb12b21b000 rw-p 00012000 fd:01 131466                     /usr/lib/jvm/java-8-openjdk-amd64/jre/lib/amd64/libnio.so
7fb12b21b000-7fb12b311000 r--s 00bf1000 fd:01 265875                     /home/user/spark-2.4.4-bin-hadoop2.7/jars/spark-core_2.11-2.4.4.jar
7fb12b311000-7fb12b41e000 r--s 00dd7000 fd:01 265888                     /home/user/spark-2.4.4-bin-hadoop2.7/jars/scala-compiler-2.11.12.jar
7fb12b41e000-7fb12b41f000 ---p 00000000 00:00 0 
7fb12b41f000-7fb12b51f000 rw-p 00000000 00:00 0 
7fb12b51f000-7fb12b522000 ---p 00000000 00:00 0 
7fb12b522000-7fb12b620000 rw-p 00000000 00:00 0 
7fb12b620000-7fb12b623000 ---p 00000000 00:00 0 
7fb12b623000-7fb12b721000 rw-p 00000000 00:00 0 
7fb12b721000-7fb12b724000 ---p 00000000 00:00 0 
7fb12b724000-7fb12b822000 rw-p 00000000 00:00 0 
7fb12b822000-7fb12b825000 ---p 00000000 00:00 0 
7fb12b825000-7fb12b923000 rw-p 00000000 00:00 0 
7fb12b923000-7fb12bbfc000 r--p 00000000 fd:01 27756                      /usr/lib/locale/locale-archive
7fb12bbfc000-7fb12bbff000 ---p 00000000 00:00 0 
7fb12bbff000-7fb12bcfd000 rw-p 00000000 00:00 0 
7fb12bcfd000-7fb12bd00000 ---p 00000000 00:00 0 
7fb12bd00000-7fb12bdfe000 rw-p 00000000 00:00 0 
7fb12bdfe000-7fb12bdff000 ---p 00000000 00:00 0 
7fb12bdff000-7fb12c000000 rw-p 00000000 00:00 0 
7fb12c000000-7fb12c06a000 rw-p 00000000 00:00 0 
7fb12c06a000-7fb130000000 ---p 00000000 00:00 0 
7fb130000000-7fb130001000 r--s 00000000 fd:01 265882                     /home/user/spark-2.4.4-bin-hadoop2.7/jars/shims-0.7.45.jar
7fb130001000-7fb130002000 r--s 00000000 fd:01 265917                     /home/user/spark-2.4.4-bin-hadoop2.7/jars/macro-compat_2.11-1.1.1.jar
7fb130002000-7fb130003000 r--s 00009000 fd:01 265758                     /home/user/spark-2.4.4-bin-hadoop2.7/jars/hive-cli-1.2.1.spark2.jar
7fb130003000-7fb13000a000 r--s 00049000 fd:01 265748                     /home/user/spark-2.4.4-bin-hadoop2.7/jars/httpcore-4.4.10.jar
7fb13000a000-7fb13000c000 r--s 00002000 fd:01 265920                     /home/user/spark-2.4.4-bin-hadoop2.7/jars/logging-interceptor-3.12.0.jar
7fb13000c000-7fb130060000 rw-p 00000000 00:00 0 
7fb130060000-7fb130062000 r--s 00006000 fd:01 265862                     /home/user/spark-2.4.4-bin-hadoop2.7/jars/spark-sketch_2.11-2.4.4.jar
7fb130062000-7fb130064000 r--s 0000f000 fd:01 265788                     /home/user/spark-2.4.4-bin-hadoop2.7/jars/curator-client-2.7.1.jar
7fb130064000-7fb130075000 r--s 0010c000 fd:01 265743                     /home/user/spark-2.4.4-bin-hadoop2.7/jars/jackson-databind-2.6.7.1.jar
7fb130075000-7fb130078000 r--s 00009000 fd:01 265746                     /home/user/spark-2.4.4-bin-hadoop2.7/jars/jackson-annotations-2.6.7.jar
7fb130078000-7fb13007a000 r--s 00000000 fd:01 265831                     /home/user/spark-2.4.4-bin-hadoop2.7/jars/aopalliance-1.0.jar
7fb13007a000-7fb13009f000 rw-p 00000000 00:00 0 
7fb13009f000-7fb1300a3000 r--s 00014000 fd:01 265897                     /home/user/spark-2.4.4-bin-hadoop2.7/jars/parquet-common-1.10.1.jar
7fb1300a3000-7fb1300a4000 r--s 00006000 fd:01 265902                     /home/user/spark-2.4.4-bin-hadoop2.7/jars/orc-shims-1.5.5.jar
7fb1300a4000-7fb1300a7000 r--s 00022000 fd:01 265850                     /home/user/spark-2.4.4-bin-hadoop2.7/jars/stringtemplate-3.2.1.jar
7fb1300a7000-7fb1300d0000 r--s 001ee000 fd:01 265777                     /home/user/spark-2.4.4-bin-hadoop2.7/jars/guava-14.0.1.jar
7fb1300d0000-7fb1300d2000 r--s 00001000 fd:01 265859                     /home/user/spark-2.4.4-bin-hadoop2.7/jars/spark-tags_2.11-2.4.4-tests.jar
7fb1300d2000-7fb1300eb000 r--s 000f4000 fd:01 265898                     /home/user/spark-2.4.4-bin-hadoop2.7/jars/parquet-column-1.10.1.jar
7fb1300eb000-7fb1300ed000 r--s 00012000 fd:01 265822                     /home/user/spark-2.4.4-bin-hadoop2.7/jars/arrow-memory-0.10.0.jar
7fb1300ed000-7fb1300f0000 r--s 0000e000 fd:01 265947                     /home/user/spark-2.4.4-bin-hadoop2.7/jars/jersey-container-servlet-core-2.22.2.jar
7fb1300f0000-7fb1300f9000 r--s 00046000 fd:01 265742                     /home/user/spark-2.4.4-bin-hadoop2.7/jars/jackson-dataformat-yaml-2.6.7.jar
7fb1300f9000-7fb131000000 rw-p 00000000 00:00 0 
7fb131000000-7fb131a40000 rwxp 00000000 00:00 0 
7fb131a50000-7fb140000000 ---p 00000000 00:00 0 
7fb140000000-7fb141290000 rw-p 00000000 00:00 0 
7fb141290000-7fb144000000 ---p 00000000 00:00 0 
7fb144000000-7fb144001000 r--s 00001000 fd:01 265911                     /home/user/spark-2.4.4-bin-hadoop2.7/jars/minlog-1.3.0.jar
7fb144001000-7fb14400e000 r--s 000af000 fd:01 265749                     /home/user/spark-2.4.4-bin-hadoop2.7/jars/httpclient-4.5.6.jar
7fb14400e000-7fb144011000 r--s 0000f000 fd:01 131496                     /usr/lib/jvm/java-8-openjdk-amd64/jre/lib/ext/icedtea-sound.jar
7fb144011000-7fb14402c000 r--s 00394000 fd:01 131497                     /usr/lib/jvm/java-8-openjdk-amd64/jre/lib/ext/cldrdata.jar
7fb14402c000-7fb144032000 r--s 0003d000 fd:01 131501                     /usr/lib/jvm/java-8-openjdk-amd64/jre/lib/ext/sunjce_provider.jar
7fb144032000-7fb14404d000 r--s 001d6000 fd:01 131504                     /usr/lib/jvm/java-8-openjdk-amd64/jre/lib/ext/nashorn.jar
7fb14404d000-7fb144057000 r--s 00117000 fd:01 131498                     /usr/lib/jvm/java-8-openjdk-amd64/jre/lib/ext/localedata.jar
7fb144057000-7fb144209000 rw-p 00000000 00:00 0 
7fb144209000-7fb1443da000 r--s 03c94000 fd:01 131482                     /usr/lib/jvm/java-8-openjdk-amd64/jre/lib/rt.jar
7fb1443da000-7fb1455ab000 rw-p 00000000 00:00 0 
7fb1455ab000-7fb1455ac000 ---p 00000000 00:00 0 
7fb1455ac000-7fb1456ac000 rw-p 00000000 00:00 0 
7fb1456ac000-7fb1456ad000 ---p 00000000 00:00 0 
7fb1456ad000-7fb145857000 rw-p 00000000 00:00 0 
7fb145857000-7fb1458ad000 rw-p 00000000 00:00 0 
7fb1458ad000-7fb1458d7000 rw-p 00000000 00:00 0 
7fb1458d7000-7fb145c6e000 ---p 00000000 00:00 0 
7fb145c6e000-7fb145c76000 r-xp 00000000 fd:01 131473                     /usr/lib/jvm/java-8-openjdk-amd64/jre/lib/amd64/libzip.so
7fb145c76000-7fb145e75000 ---p 00008000 fd:01 131473                     /usr/lib/jvm/java-8-openjdk-amd64/jre/lib/amd64/libzip.so
7fb145e75000-7fb145e76000 r--p 00007000 fd:01 131473                     /usr/lib/jvm/java-8-openjdk-amd64/jre/lib/amd64/libzip.so
7fb145e76000-7fb145e77000 rw-p 00008000 fd:01 131473                     /usr/lib/jvm/java-8-openjdk-amd64/jre/lib/amd64/libzip.so
7fb145e77000-7fb145e82000 r-xp 00000000 fd:01 3510                       /lib/x86_64-linux-gnu/libnss_files-2.23.so
7fb145e82000-7fb146081000 ---p 0000b000 fd:01 3510                       /lib/x86_64-linux-gnu/libnss_files-2.23.so
7fb146081000-7fb146082000 r--p 0000a000 fd:01 3510                       /lib/x86_64-linux-gnu/libnss_files-2.23.so
7fb146082000-7fb146083000 rw-p 0000b000 fd:01 3510                       /lib/x86_64-linux-gnu/libnss_files-2.23.so
7fb146083000-7fb146089000 rw-p 00000000 00:00 0 
7fb146089000-7fb146094000 r-xp 00000000 fd:01 3513                       /lib/x86_64-linux-gnu/libnss_nis-2.23.so
7fb146094000-7fb146293000 ---p 0000b000 fd:01 3513                       /lib/x86_64-linux-gnu/libnss_nis-2.23.so
7fb146293000-7fb146294000 r--p 0000a000 fd:01 3513                       /lib/x86_64-linux-gnu/libnss_nis-2.23.so
7fb146294000-7fb146295000 rw-p 0000b000 fd:01 3513                       /lib/x86_64-linux-gnu/libnss_nis-2.23.so
7fb146295000-7fb1462ab000 r-xp 00000000 fd:01 3506                       /lib/x86_64-linux-gnu/libnsl-2.23.so
7fb1462ab000-7fb1464aa000 ---p 00016000 fd:01 3506                       /lib/x86_64-linux-gnu/libnsl-2.23.so
7fb1464aa000-7fb1464ab000 r--p 00015000 fd:01 3506                       /lib/x86_64-linux-gnu/libnsl-2.23.so
7fb1464ab000-7fb1464ac000 rw-p 00016000 fd:01 3506                       /lib/x86_64-linux-gnu/libnsl-2.23.so
7fb1464ac000-7fb1464ae000 rw-p 00000000 00:00 0 
7fb1464ae000-7fb1464b6000 r-xp 00000000 fd:01 3520                       /lib/x86_64-linux-gnu/libnss_compat-2.23.so
7fb1464b6000-7fb1466b5000 ---p 00008000 fd:01 3520                       /lib/x86_64-linux-gnu/libnss_compat-2.23.so
7fb1466b5000-7fb1466b6000 r--p 00007000 fd:01 3520                       /lib/x86_64-linux-gnu/libnss_compat-2.23.so
7fb1466b6000-7fb1466b7000 rw-p 00008000 fd:01 3520                       /lib/x86_64-linux-gnu/libnss_compat-2.23.so
7fb1466b7000-7fb1466e1000 r-xp 00000000 fd:01 131440                     /usr/lib/jvm/java-8-openjdk-amd64/jre/lib/amd64/libjava.so
7fb1466e1000-7fb1468e0000 ---p 0002a000 fd:01 131440                     /usr/lib/jvm/java-8-openjdk-amd64/jre/lib/amd64/libjava.so
7fb1468e0000-7fb1468e1000 r--p 00029000 fd:01 131440                     /usr/lib/jvm/java-8-openjdk-amd64/jre/lib/amd64/libjava.so
7fb1468e1000-7fb1468e3000 rw-p 0002a000 fd:01 131440                     /usr/lib/jvm/java-8-openjdk-amd64/jre/lib/amd64/libjava.so
7fb1468e3000-7fb1468f2000 r-xp 00000000 fd:01 131452                     /usr/lib/jvm/java-8-openjdk-amd64/jre/lib/amd64/libverify.so
7fb1468f2000-7fb146af1000 ---p 0000f000 fd:01 131452                     /usr/lib/jvm/java-8-openjdk-amd64/jre/lib/amd64/libverify.so
7fb146af1000-7fb146af3000 r--p 0000e000 fd:01 131452                     /usr/lib/jvm/java-8-openjdk-amd64/jre/lib/amd64/libverify.so
7fb146af3000-7fb146af4000 rw-p 00010000 fd:01 131452                     /usr/lib/jvm/java-8-openjdk-amd64/jre/lib/amd64/libverify.so
7fb146af4000-7fb146afb000 r-xp 00000000 fd:01 3515                       /lib/x86_64-linux-gnu/librt-2.23.so
7fb146afb000-7fb146cfa000 ---p 00007000 fd:01 3515                       /lib/x86_64-linux-gnu/librt-2.23.so
7fb146cfa000-7fb146cfb000 r--p 00006000 fd:01 3515                       /lib/x86_64-linux-gnu/librt-2.23.so
7fb146cfb000-7fb146cfc000 rw-p 00007000 fd:01 3515                       /lib/x86_64-linux-gnu/librt-2.23.so
7fb146cfc000-7fb146d12000 r-xp 00000000 fd:01 670                        /lib/x86_64-linux-gnu/libgcc_s.so.1
7fb146d12000-7fb146f11000 ---p 00016000 fd:01 670                        /lib/x86_64-linux-gnu/libgcc_s.so.1
7fb146f11000-7fb146f12000 rw-p 00015000 fd:01 670                        /lib/x86_64-linux-gnu/libgcc_s.so.1
7fb146f12000-7fb14701a000 r-xp 00000000 fd:01 3528                       /lib/x86_64-linux-gnu/libm-2.23.so
7fb14701a000-7fb147219000 ---p 00108000 fd:01 3528                       /lib/x86_64-linux-gnu/libm-2.23.so
7fb147219000-7fb14721a000 r--p 00107000 fd:01 3528                       /lib/x86_64-linux-gnu/libm-2.23.so
7fb14721a000-7fb14721b000 rw-p 00108000 fd:01 3528                       /lib/x86_64-linux-gnu/libm-2.23.so
7fb14721b000-7fb14738d000 r-xp 00000000 fd:01 884                        /usr/lib/x86_64-linux-gnu/libstdc++.so.6.0.21
7fb14738d000-7fb14758d000 ---p 00172000 fd:01 884                        /usr/lib/x86_64-linux-gnu/libstdc++.so.6.0.21
7fb14758d000-7fb147597000 r--p 00172000 fd:01 884                        /usr/lib/x86_64-linux-gnu/libstdc++.so.6.0.21
7fb147597000-7fb147599000 rw-p 0017c000 fd:01 884                        /usr/lib/x86_64-linux-gnu/libstdc++.so.6.0.21
7fb147599000-7fb14759d000 rw-p 00000000 00:00 0 
7fb14759d000-7fb1482c2000 r-xp 00000000 fd:01 131464                     /usr/lib/jvm/java-8-openjdk-amd64/jre/lib/amd64/server/libjvm.so
7fb1482c2000-7fb1484c1000 ---p 00d25000 fd:01 131464                     /usr/lib/jvm/java-8-openjdk-amd64/jre/lib/amd64/server/libjvm.so
7fb1484c1000-7fb148557000 r--p 00d24000 fd:01 131464                     /usr/lib/jvm/java-8-openjdk-amd64/jre/lib/amd64/server/libjvm.so
7fb148557000-7fb148580000 rw-p 00dba000 fd:01 131464                     /usr/lib/jvm/java-8-openjdk-amd64/jre/lib/amd64/server/libjvm.so
7fb148580000-7fb1485b3000 rw-p 00000000 00:00 0 
7fb1485b3000-7fb1485cb000 r-xp 00000000 fd:01 3512                       /lib/x86_64-linux-gnu/libpthread-2.23.so
7fb1485cb000-7fb1487ca000 ---p 00018000 fd:01 3512                       /lib/x86_64-linux-gnu/libpthread-2.23.so
7fb1487ca000-7fb1487cb000 r--p 00017000 fd:01 3512                       /lib/x86_64-linux-gnu/libpthread-2.23.so
7fb1487cb000-7fb1487cc000 rw-p 00018000 fd:01 3512                       /lib/x86_64-linux-gnu/libpthread-2.23.so
7fb1487cc000-7fb1487d0000 rw-p 00000000 00:00 0 
7fb1487d0000-7fb1487d3000 r-xp 00000000 fd:01 3518                       /lib/x86_64-linux-gnu/libdl-2.23.so
7fb1487d3000-7fb1489d2000 ---p 00003000 fd:01 3518                       /lib/x86_64-linux-gnu/libdl-2.23.so
7fb1489d2000-7fb1489d3000 r--p 00002000 fd:01 3518                       /lib/x86_64-linux-gnu/libdl-2.23.so
7fb1489d3000-7fb1489d4000 rw-p 00003000 fd:01 3518                       /lib/x86_64-linux-gnu/libdl-2.23.so
7fb1489d4000-7fb1489ed000 r-xp 00000000 fd:01 868                        /lib/x86_64-linux-gnu/libz.so.1.2.8
7fb1489ed000-7fb148bec000 ---p 00019000 fd:01 868                        /lib/x86_64-linux-gnu/libz.so.1.2.8
7fb148bec000-7fb148bed000 r--p 00018000 fd:01 868                        /lib/x86_64-linux-gnu/libz.so.1.2.8
7fb148bed000-7fb148bee000 rw-p 00019000 fd:01 868                        /lib/x86_64-linux-gnu/libz.so.1.2.8
7fb148bee000-7fb148dae000 r-xp 00000000 fd:01 3538                       /lib/x86_64-linux-gnu/libc-2.23.so
7fb148dae000-7fb148fae000 ---p 001c0000 fd:01 3538                       /lib/x86_64-linux-gnu/libc-2.23.so
7fb148fae000-7fb148fb2000 r--p 001c0000 fd:01 3538                       /lib/x86_64-linux-gnu/libc-2.23.so
7fb148fb2000-7fb148fb4000 rw-p 001c4000 fd:01 3538                       /lib/x86_64-linux-gnu/libc-2.23.so
7fb148fb4000-7fb148fb8000 rw-p 00000000 00:00 0 
7fb148fb8000-7fb148fc6000 r-xp 00000000 fd:01 131446                     /usr/lib/jvm/java-8-openjdk-amd64/jre/lib/amd64/jli/libjli.so
7fb148fc6000-7fb1491c5000 ---p 0000e000 fd:01 131446                     /usr/lib/jvm/java-8-openjdk-amd64/jre/lib/amd64/jli/libjli.so
7fb1491c5000-7fb1491c6000 r--p 0000d000 fd:01 131446                     /usr/lib/jvm/java-8-openjdk-amd64/jre/lib/amd64/jli/libjli.so
7fb1491c6000-7fb1491c7000 rw-p 0000e000 fd:01 131446                     /usr/lib/jvm/java-8-openjdk-amd64/jre/lib/amd64/jli/libjli.so
7fb1491c7000-7fb1491ed000 r-xp 00000000 fd:01 3507                       /lib/x86_64-linux-gnu/ld-2.23.so
7fb1491ed000-7fb1491f1000 r--s 00040000 fd:01 131503                     /usr/lib/jvm/java-8-openjdk-amd64/jre/lib/ext/sunpkcs11.jar
7fb1491f1000-7fb1491f2000 r--s 0000d000 fd:01 131499                     /usr/lib/jvm/java-8-openjdk-amd64/jre/lib/ext/sunec.jar
7fb1491f2000-7fb1491f4000 r--s 00010000 fd:01 131495                     /usr/lib/jvm/java-8-openjdk-amd64/jre/lib/ext/zipfs.jar
7fb1491f4000-7fb1491f5000 r--s 0000a000 fd:01 131502                     /usr/lib/jvm/java-8-openjdk-amd64/jre/lib/ext/jaccess.jar
7fb1491f5000-7fb1491f7000 r--s 00001000 fd:01 131500                     /usr/lib/jvm/java-8-openjdk-amd64/jre/lib/ext/dnsns.jar
7fb1491f7000-7fb1492d4000 rw-p 00000000 00:00 0 
7fb1492d4000-7fb1492dc000 rw-s 00000000 fd:01 268675                     /tmp/hsperfdata_user/28063
7fb1492dc000-7fb1492df000 ---p 00000000 00:00 0 
7fb1492df000-7fb1493e2000 rw-p 00000000 00:00 0 
7fb1493e2000-7fb1493e8000 r--s 000d3000 fd:01 131485                     /usr/lib/jvm/java-8-openjdk-amd64/jre/lib/jfr.jar
7fb1493e8000-7fb1493e9000 rw-p 00000000 00:00 0 
7fb1493e9000-7fb1493ea000 r--p 00000000 00:00 0 
7fb1493ea000-7fb1493ec000 rw-p 00000000 00:00 0 
7fb1493ec000-7fb1493ed000 r--p 00025000 fd:01 3507                       /lib/x86_64-linux-gnu/ld-2.23.so
7fb1493ed000-7fb1493ee000 rw-p 00026000 fd:01 3507                       /lib/x86_64-linux-gnu/ld-2.23.so
7fb1493ee000-7fb1493ef000 rw-p 00000000 00:00 0 
7ffce2ea5000-7ffce2ec6000 rw-p 00000000 00:00 0                          [stack]
7ffce2fce000-7ffce2fd1000 r--p 00000000 00:00 0                          [vvar]
7ffce2fd1000-7ffce2fd3000 r-xp 00000000 00:00 0                          [vdso]
ffffffffff600000-ffffffffff601000 r-xp 00000000 00:00 0                  [vsyscall]

VM Arguments:
jvm_args: -Xmx512m 
java_command: org.apache.spark.deploy.SparkSubmit main.py
java_class_path (initial): /home/user/spark-2.4.4-bin-hadoop2.7/conf/:/home/user/spark-2.4.4-bin-hadoop2.7/jars/httpclient-4.5.6.jar:/home/user/spark-2.4.4-bin-hadoop2.7/jars/jackson-dataformat-yaml-2.6.7.jar:/home/user/spark-2.4.4-bin-hadoop2.7/jars/jersey-container-servlet-core-2.22.2.jar:/home/user/spark-2.4.4-bin-hadoop2.7/jars/arrow-memory-0.10.0.jar:/home/user/spark-2.4.4-bin-hadoop2.7/jars/minlog-1.3.0.jar:/home/user/spark-2.4.4-bin-hadoop2.7/jars/parquet-column-1.10.1.jar:/home/user/spark-2.4.4-bin-hadoop2.7/jars/spark-tags_2.11-2.4.4-tests.jar:/home/user/spark-2.4.4-bin-hadoop2.7/jars/guava-14.0.1.jar:/home/user/spark-2.4.4-bin-hadoop2.7/jars/stringtemplate-3.2.1.jar:/home/user/spark-2.4.4-bin-hadoop2.7/jars/orc-shims-1.5.5.jar:/home/user/spark-2.4.4-bin-hadoop2.7/jars/parquet-common-1.10.1.jar:/home/user/spark-2.4.4-bin-hadoop2.7/jars/scala-compiler-2.11.12.jar:/home/user/spark-2.4.4-bin-hadoop2.7/jars/aopalliance-1.0.jar:/home/user/spark-2.4.4-bin-hadoop2.7/jars/jackson-annotations-2.6.7.jar:/home/user/spark-2.4.4-bin-hadoop2.7/jars/jackson-databind-2.6.7.1.jar:/home/user/spark-2.4.4-bin-hadoop2.7/jars/curator-client-2.7.1.jar:/home/user/spark-2.4.4-bin-hadoop2.7/jars/spark-sketch_2.11-2.4.4.jar:/home/user/spark-2.4.4-bin-hadoop2.7/jars/spark-core_2.11-2.4.4.jar:/home/user/spark-2.4.4-bin-hadoop2.7/jars/jersey-common-2.22.2.jar:/home/user/spark-2.4.4-bin-hadoop2.7/jars/commons-math3-3.4.1.jar:/home/user/spark-2.4.4-bin-hadoop2.7/jars/logging-interceptor-3.12.0.jar:/home/user/spark-2.4.4-bin-hadoop2.7/jars/httpcore-4.4.10.jar:/home/user/spark-2.4.4-bin-hadoop2.7/jars/hive-cli-1.2.1.spark2.jar:/home/user/spark-2.4.4-bin-hadoop2.7/jars/macro-compat_2.11-1.1.1.jar:/home/user/spark-2.4.4-bin-hadoop2.7/jars/curator-framework-2.7.1.jar:/home/user/spark-2.4.4-bin-hadoop2.7/jars/spark-graphx_2.11-2.4.4.jar:/home/user/spark-2.4.4-bin-hadoop2.7/jars/spark-mesos_2.11-2.4.4.jar:/home/user/spark-2.4.4-bin-hadoop2.7/jars/validation-api-1.1.0.Final.jar:/home/user/spark
Launcher Type: SUN_STANDARD

Environment Variables:
JAVA_HOME=/usr/lib/jvm/java-8-openjdk-amd64
PATH=/home/user/.vscode-server/bin/622cb03f7e070a9670c94bae1a45d78d7181fbd4/bin:/home/user/.vscode-server/bin/622cb03f7e070a9670c94bae1a45d78d7181fbd4/bin:/usr/local/sbin:/usr/local/bin:/usr/sbin:/usr/bin:/sbin:/bin:/usr/games:/usr/local/games:/snap/bin:/home/user/hadoop-2.7.7/bin:/home/user/hadoop-2.7.7/sbin:/home/user/spark-2.4.4-bin-hadoop2.7/bin:/home/user/hadoop-2.7.7/bin:/home/user/hadoop-2.7.7/sbin:/home/user/spark-2.4.4-bin-hadoop2.7/bin
SHELL=/bin/bash

Signal Handlers:
SIGSEGV: [libjvm.so+0xb1e940], sa_mask[0]=11111111011111111101111111111110, sa_flags=SA_RESTART|SA_SIGINFO
SIGBUS: [libjvm.so+0xb1e940], sa_mask[0]=11111111011111111101111111111110, sa_flags=SA_RESTART|SA_SIGINFO
SIGFPE: [libjvm.so+0x956450], sa_mask[0]=11111111011111111101111111111110, sa_flags=SA_RESTART|SA_SIGINFO
SIGPIPE: [libjvm.so+0x956450], sa_mask[0]=11111111011111111101111111111110, sa_flags=SA_RESTART|SA_SIGINFO
SIGXFSZ: [libjvm.so+0x956450], sa_mask[0]=11111111011111111101111111111110, sa_flags=SA_RESTART|SA_SIGINFO
SIGILL: [libjvm.so+0x956450], sa_mask[0]=11111111011111111101111111111110, sa_flags=SA_RESTART|SA_SIGINFO
SIGUSR1: SIG_DFL, sa_mask[0]=00000000000000000000000000000000, sa_flags=none
SIGUSR2: [libjvm.so+0x956300], sa_mask[0]=00000000000000000000000000000000, sa_flags=SA_RESTART|SA_SIGINFO
SIGHUP: [libjvm.so+0x956990], sa_mask[0]=11111111011111111101111111111110, sa_flags=SA_RESTART|SA_SIGINFO
SIGINT: [libjvm.so+0x956990], sa_mask[0]=11111111011111111101111111111110, sa_flags=SA_RESTART|SA_SIGINFO
SIGTERM: [libjvm.so+0x956990], sa_mask[0]=11111111011111111101111111111110, sa_flags=SA_RESTART|SA_SIGINFO
SIGQUIT: [libjvm.so+0x956990], sa_mask[0]=11111111011111111101111111111110, sa_flags=SA_RESTART|SA_SIGINFO


---------------  S Y S T E M  ---------------

OS:DISTRIB_ID=Ubuntu
DISTRIB_RELEASE=16.04
DISTRIB_CODENAME=xenial
DISTRIB_DESCRIPTION="Ubuntu 16.04.3 LTS"

uname:Linux 4.4.0-109-generic #132-Ubuntu SMP Tue Jan 9 19:52:39 UTC 2018 x86_64
libc:glibc 2.23 NPTL 2.23 
rlimit: STACK 8192k, CORE 0k, NPROC 15648, NOFILE 1048576, AS infinity
load average:1.99 1.37 0.75

/proc/meminfo:
MemTotal:        4046380 kB
MemFree:           87796 kB
MemAvailable:          0 kB
Buffers:             164 kB
Cached:            51668 kB
SwapCached:            0 kB
Active:          3792160 kB
Inactive:          45900 kB
Active(anon):    3789380 kB
Inactive(anon):    43128 kB
Active(file):       2780 kB
Inactive(file):     2772 kB
Unevictable:        3660 kB
Mlocked:            3660 kB
SwapTotal:             0 kB
SwapFree:              0 kB
Dirty:               116 kB
Writeback:             0 kB
AnonPages:       3789916 kB
Mapped:             7984 kB
Shmem:             43816 kB
Slab:              37968 kB
SReclaimable:      16316 kB
SUnreclaim:        21652 kB
KernelStack:        8000 kB
PageTables:        20200 kB
NFS_Unstable:          0 kB
Bounce:                0 kB
WritebackTmp:          0 kB
CommitLimit:     2023188 kB
Committed_AS:    5113780 kB
VmallocTotal:   34359738367 kB
VmallocUsed:           0 kB
VmallocChunk:          0 kB
HardwareCorrupted:     0 kB
AnonHugePages:   2088960 kB
CmaTotal:              0 kB
CmaFree:               0 kB
HugePages_Total:       0
HugePages_Free:        0
HugePages_Rsvd:        0
HugePages_Surp:        0
Hugepagesize:       2048 kB
DirectMap4k:       67456 kB
DirectMap2M:     3078144 kB
DirectMap1G:     3145728 kB

container (cgroup) information:
container_type: cgroupv1
cpu_cpuset_cpus: 0-1
cpu_memory_nodes: 0
active_processor_count: 2
cpu_quota: -1
cpu_period: 100000
cpu_shares: -1
memory_limit_in_bytes: -1
memory_and_swap_limit_in_bytes: -2
memory_soft_limit_in_bytes: -1
memory_usage_in_bytes: 3836841984
memory_max_usage_in_bytes: 3863785472


CPU:total 2 (initial active 2) (1 cores per cpu, 1 threads per core) family 6 model 63 stepping 2, cmov, cx8, fxsr, mmx, sse, sse2, sse3, ssse3, sse4.1, sse4.2, popcnt, avx, avx2, aes, clmul, erms, lzcnt, tsc, bmi1, bmi2

/proc/cpuinfo:
processor	: 0
vendor_id	: GenuineIntel
cpu family	: 6
model		: 63
model name	: Intel(R) Xeon(R) CPU E5-2650 v3 @ 2.30GHz
stepping	: 2
microcode	: 0x1
cpu MHz		: 2294.686
cache size	: 25600 KB
physical id	: 0
siblings	: 1
core id		: 0
cpu cores	: 1
apicid		: 0
initial apicid	: 0
fpu		: yes
fpu_exception	: yes
cpuid level	: 13
wp		: yes
flags		: fpu vme de pse tsc msr pae mce cx8 apic sep mtrr pge mca cmov pat pse36 clflush mmx fxsr sse sse2 ss syscall nx pdpe1gb rdtscp lm constant_tsc arch_perfmon rep_good nopl eagerfpu pni pclmulqdq vmx ssse3 fma cx16 pcid sse4_1 sse4_2 x2apic movbe popcnt tsc_deadline_timer aes xsave avx f16c rdrand hypervisor lahf_lm abm invpcid_single kaiser tpr_shadow vnmi flexpriority ept vpid fsgsbase bmi1 avx2 smep bmi2 erms invpcid xsaveopt
bugs		:
bogomips	: 4589.37
clflush size	: 64
cache_alignment	: 64
address sizes	: 40 bits physical, 48 bits virtual
power management:

processor	: 1
vendor_id	: GenuineIntel
cpu family	: 6
model		: 63
model name	: Intel(R) Xeon(R) CPU E5-2650 v3 @ 2.30GHz
stepping	: 2
microcode	: 0x1
cpu MHz		: 2294.686
cache size	: 25600 KB
physical id	: 1
siblings	: 1
core id		: 0
cpu cores	: 1
apicid		: 1
initial apicid	: 1
fpu		: yes
fpu_exception	: yes
cpuid level	: 13
wp		: yes
flags		: fpu vme de pse tsc msr pae mce cx8 apic sep mtrr pge mca cmov pat pse36 clflush mmx fxsr sse sse2 ss syscall nx pdpe1gb rdtscp lm constant_tsc arch_perfmon rep_good nopl eagerfpu pni pclmulqdq vmx ssse3 fma cx16 pcid sse4_1 sse4_2 x2apic movbe popcnt tsc_deadline_timer aes xsave avx f16c rdrand hypervisor lahf_lm abm invpcid_single kaiser tpr_shadow vnmi flexpriority ept vpid fsgsbase bmi1 avx2 smep bmi2 erms invpcid xsaveopt
bugs		:
bogomips	: 4589.37
clflush size	: 64
cache_alignment	: 64
address sizes	: 40 bits physical, 48 bits virtual
power management:



Memory: 4k page, physical 4046380k(86972k free), swap 0k(0k free)

vm_info: OpenJDK 64-Bit Server VM (25.275-b01) for linux-amd64 JRE (1.8.0_275-8u275-b01-0ubuntu1~16.04-b01), built on Nov  9 2020 03:41:32 by "buildd" with gcc 5.4.0 20160609

time: Mon Feb 22 10:02:41 2021
timezone: EET
elapsed time: 191.225713 seconds (0d 0h 3m 11s)

